[3.886s] DEBUG:colcon:Command line arguments: ['/usr/bin/colcon', 'build']
[3.887s] DEBUG:colcon:Parsed command line arguments: Namespace(allow_overriding=[], ament_cmake_args=None, base_paths=['.'], build_base='build', catkin_cmake_args=None, catkin_skip_building_tests=False, cmake_args=None, cmake_clean_cache=False, cmake_clean_first=False, cmake_force_configure=False, cmake_target=None, cmake_target_skip_unavailable=False, continue_on_error=False, event_handlers=None, executor='parallel', ignore_user_meta=False, install_base='install', log_base=None, log_level=None, main=<bound method BuildVerb.main of <colcon_core.verb.build.BuildVerb object at 0x7fcb7426f7c0>>, merge_install=False, metas=['./colcon.meta'], packages_above=None, packages_above_and_dependencies=None, packages_above_depth=None, packages_end=None, packages_ignore=None, packages_ignore_regex=None, packages_select=None, packages_select_build_failed=False, packages_select_by_dep=None, packages_select_regex=None, packages_select_test_failures=False, packages_skip=None, packages_skip_build_finished=False, packages_skip_by_dep=None, packages_skip_regex=None, packages_skip_test_passed=False, packages_skip_up_to=None, packages_start=None, packages_up_to=None, packages_up_to_regex=None, parallel_workers=4, paths=None, symlink_install=False, test_result_base=None, verb_extension=<colcon_core.verb.build.BuildVerb object at 0x7fcb7426f7c0>, verb_name='build', verb_parser=<colcon_defaults.argument_parser.defaults.DefaultArgumentsDecorator object at 0x7fcb7426fd30>)
[4.244s] Level 1:colcon.colcon_core.package_discovery:discover_packages(colcon_meta) check parameters
[4.244s] Level 1:colcon.colcon_core.package_discovery:discover_packages(recursive) check parameters
[4.244s] Level 1:colcon.colcon_core.package_discovery:discover_packages(ignore) check parameters
[4.244s] Level 1:colcon.colcon_core.package_discovery:discover_packages(path) check parameters
[4.244s] Level 1:colcon.colcon_core.package_discovery:discover_packages(colcon_meta) discover
[4.244s] Level 1:colcon.colcon_core.package_discovery:discover_packages(recursive) discover
[4.244s] INFO:colcon.colcon_core.package_discovery:Crawling recursively for packages in '/home/rosario/robot-ros'
[4.245s] Level 1:colcon.colcon_core.package_identification:_identify(.) by extensions ['ignore', 'ignore_ament_install']
[4.245s] Level 1:colcon.colcon_core.package_identification:_identify(.) by extension 'ignore'
[4.245s] Level 1:colcon.colcon_core.package_identification:_identify(.) by extension 'ignore_ament_install'
[4.245s] Level 1:colcon.colcon_core.package_identification:_identify(.) by extensions ['colcon_pkg']
[4.245s] Level 1:colcon.colcon_core.package_identification:_identify(.) by extension 'colcon_pkg'
[4.245s] Level 1:colcon.colcon_core.package_identification:_identify(.) by extensions ['colcon_meta']
[4.245s] Level 1:colcon.colcon_core.package_identification:_identify(.) by extension 'colcon_meta'
[4.245s] Level 1:colcon.colcon_core.package_identification:_identify(.) by extensions ['ros']
[4.245s] Level 1:colcon.colcon_core.package_identification:_identify(.) by extension 'ros'
[4.433s] DEBUG:colcon.colcon_core.package_identification:Package '.' with type 'ros.ament_python' and name 'robot_ros'
[4.434s] Level 1:colcon.colcon_core.package_discovery:discover_packages(recursive) using defaults
[4.435s] Level 1:colcon.colcon_core.package_discovery:discover_packages(ignore) discover
[4.435s] Level 1:colcon.colcon_core.package_discovery:discover_packages(ignore) using defaults
[4.436s] Level 1:colcon.colcon_core.package_discovery:discover_packages(path) discover
[4.437s] Level 1:colcon.colcon_core.package_discovery:discover_packages(path) using defaults
[4.636s] Level 1:colcon.colcon_core.package_discovery:discover_packages(prefix_path) check parameters
[4.637s] Level 1:colcon.colcon_core.package_discovery:discover_packages(prefix_path) discover
[4.684s] DEBUG:colcon.colcon_installed_package_information.package_discovery:Found 1 installed packages in /home/rosario/robot-ros/install
[4.698s] DEBUG:colcon.colcon_installed_package_information.package_discovery:Found 4 installed packages in /home/rosario/robot-development/install
[4.871s] DEBUG:colcon.colcon_installed_package_information.package_discovery:Found 311 installed packages in /home/rosario/ros2_foxy/ros2-linux
[4.922s] DEBUG:colcon.colcon_installed_package_information.package_discovery:Found 176 installed packages in /opt/ros/foxy
[4.995s] Level 1:colcon.colcon_core.package_discovery:discover_packages(prefix_path) using defaults
[5.706s] Level 5:colcon.colcon_core.verb:set package 'robot_ros' build argument 'cmake_args' from command line to 'None'
[5.707s] Level 5:colcon.colcon_core.verb:set package 'robot_ros' build argument 'cmake_target' from command line to 'None'
[5.708s] Level 5:colcon.colcon_core.verb:set package 'robot_ros' build argument 'cmake_target_skip_unavailable' from command line to 'False'
[5.708s] Level 5:colcon.colcon_core.verb:set package 'robot_ros' build argument 'cmake_clean_cache' from command line to 'False'
[5.709s] Level 5:colcon.colcon_core.verb:set package 'robot_ros' build argument 'cmake_clean_first' from command line to 'False'
[5.711s] Level 5:colcon.colcon_core.verb:set package 'robot_ros' build argument 'cmake_force_configure' from command line to 'False'
[5.712s] Level 5:colcon.colcon_core.verb:set package 'robot_ros' build argument 'ament_cmake_args' from command line to 'None'
[5.714s] Level 5:colcon.colcon_core.verb:set package 'robot_ros' build argument 'catkin_cmake_args' from command line to 'None'
[5.715s] Level 5:colcon.colcon_core.verb:set package 'robot_ros' build argument 'catkin_skip_building_tests' from command line to 'False'
[5.716s] DEBUG:colcon.colcon_core.verb:Building package 'robot_ros' with the following arguments: {'ament_cmake_args': None, 'build_base': '/home/rosario/robot-ros/build/robot_ros', 'catkin_cmake_args': None, 'catkin_skip_building_tests': False, 'cmake_args': None, 'cmake_clean_cache': False, 'cmake_clean_first': False, 'cmake_force_configure': False, 'cmake_target': None, 'cmake_target_skip_unavailable': False, 'install_base': '/home/rosario/robot-ros/install/robot_ros', 'merge_install': False, 'path': '/home/rosario/robot-ros', 'symlink_install': False, 'test_result_base': None}
[5.728s] INFO:colcon.colcon_core.executor:Executing jobs using 'parallel' executor
[5.802s] DEBUG:colcon.colcon_parallel_executor.executor.parallel:run_until_complete
[5.806s] INFO:colcon.colcon_ros.task.ament_python.build:Building ROS package in '/home/rosario/robot-ros' with build type 'ament_python'
[5.808s] Level 1:colcon.colcon_core.shell:create_environment_hook('robot_ros', 'ament_prefix_path')
[5.862s] INFO:colcon.colcon_core.plugin_system:Skipping extension 'colcon_core.shell.bat': Not used on non-Windows systems
[5.866s] INFO:colcon.colcon_core.shell:Creating environment hook '/home/rosario/robot-ros/install/robot_ros/share/robot_ros/hook/ament_prefix_path.ps1'
[5.874s] INFO:colcon.colcon_core.shell:Creating environment descriptor '/home/rosario/robot-ros/install/robot_ros/share/robot_ros/hook/ament_prefix_path.dsv'
[5.880s] INFO:colcon.colcon_core.shell:Creating environment hook '/home/rosario/robot-ros/install/robot_ros/share/robot_ros/hook/ament_prefix_path.sh'
[5.888s] INFO:colcon.colcon_core.shell:Skip shell extension 'powershell' for command environment: Not usable outside of PowerShell
[5.889s] DEBUG:colcon.colcon_core.shell:Skip shell extension 'dsv' for command environment
[8.697s] WARNING:colcon.colcon_ros.task.ament_python.build:Package 'robot_ros' doesn't explicitly install a marker in the package index (colcon-ros currently does it implicitly but that fallback will be removed in the future)
[8.701s] INFO:colcon.colcon_core.task.python.build:Building Python package in '/home/rosario/robot-ros'
[8.720s] INFO:colcon.colcon_core.shell:Skip shell extension 'powershell' for command environment: Not usable outside of PowerShell
[8.721s] DEBUG:colcon.colcon_core.shell:Skip shell extension 'dsv' for command environment
[13.045s] DEBUG:colcon.colcon_core.event_handler.log_command:Invoking command in '/home/rosario/robot-ros': PYTHONPATH=/home/rosario/robot-ros/build/robot_ros/prefix_override:/home/rosario/robot-ros/install/robot_ros/lib/python3.8/site-packages:${PYTHONPATH} /usr/bin/python3 setup.py egg_info --egg-base build/robot_ros build --build-base /home/rosario/robot-ros/build/robot_ros/build install --record /home/rosario/robot-ros/build/robot_ros/install.log --install-scripts $base/lib/robot_ros --single-version-externally-managed
[15.951s] DEBUG:colcon.colcon_core.event_handler.log_command:Invoked command in '/home/rosario/robot-ros' returned '0': PYTHONPATH=/home/rosario/robot-ros/build/robot_ros/prefix_override:/home/rosario/robot-ros/install/robot_ros/lib/python3.8/site-packages:${PYTHONPATH} /usr/bin/python3 setup.py egg_info --egg-base build/robot_ros build --build-base /home/rosario/robot-ros/build/robot_ros/build install --record /home/rosario/robot-ros/build/robot_ros/install.log --install-scripts $base/lib/robot_ros --single-version-externally-managed
[16.036s] Level 1:colcon.colcon_core.environment:checking '/home/rosario/robot-ros/install/robot_ros' for CMake module files
[16.043s] Level 1:colcon.colcon_core.environment:checking '/home/rosario/robot-ros/install/robot_ros' for CMake config files
[16.050s] Level 1:colcon.colcon_core.environment:checking '/home/rosario/robot-ros/install/robot_ros/lib'
[16.052s] Level 1:colcon.colcon_core.environment:checking '/home/rosario/robot-ros/install/robot_ros/bin'
[16.054s] Level 1:colcon.colcon_core.environment:checking '/home/rosario/robot-ros/install/robot_ros/lib/pkgconfig/robot_ros.pc'
[16.058s] Level 1:colcon.colcon_core.environment:checking '/home/rosario/robot-ros/install/robot_ros/lib/python3.8/site-packages'
[16.060s] Level 1:colcon.colcon_core.shell:create_environment_hook('robot_ros', 'pythonpath')
[16.073s] INFO:colcon.colcon_core.shell:Creating environment hook '/home/rosario/robot-ros/install/robot_ros/share/robot_ros/hook/pythonpath.ps1'
[16.077s] INFO:colcon.colcon_core.shell:Creating environment descriptor '/home/rosario/robot-ros/install/robot_ros/share/robot_ros/hook/pythonpath.dsv'
[16.084s] INFO:colcon.colcon_core.shell:Creating environment hook '/home/rosario/robot-ros/install/robot_ros/share/robot_ros/hook/pythonpath.sh'
[16.090s] Level 1:colcon.colcon_core.environment:checking '/home/rosario/robot-ros/install/robot_ros/bin'
[16.091s] Level 1:colcon.colcon_core.environment:create_environment_scripts_only(robot_ros)
[16.102s] INFO:colcon.colcon_core.shell:Creating package script '/home/rosario/robot-ros/install/robot_ros/share/robot_ros/package.ps1'
[16.119s] INFO:colcon.colcon_core.shell:Creating package descriptor '/home/rosario/robot-ros/install/robot_ros/share/robot_ros/package.dsv'
[16.125s] INFO:colcon.colcon_core.shell:Creating package script '/home/rosario/robot-ros/install/robot_ros/share/robot_ros/package.sh'
[16.132s] INFO:colcon.colcon_core.shell:Creating package script '/home/rosario/robot-ros/install/robot_ros/share/robot_ros/package.bash'
[16.134s] INFO:colcon.colcon_core.shell:Creating package script '/home/rosario/robot-ros/install/robot_ros/share/robot_ros/package.zsh'
[16.140s] Level 1:colcon.colcon_core.environment:create_file_with_runtime_dependencies(/home/rosario/robot-ros/install/robot_ros/share/colcon-core/packages/robot_ros)
[16.146s] DEBUG:colcon.colcon_parallel_executor.executor.parallel:closing loop
[16.153s] DEBUG:colcon.colcon_parallel_executor.executor.parallel:loop closed
[16.155s] DEBUG:colcon.colcon_parallel_executor.executor.parallel:run_until_complete finished with '0'
[16.156s] DEBUG:colcon.colcon_core.event_reactor:joining thread
[16.199s] INFO:colcon.colcon_core.plugin_system:Skipping extension 'colcon_notification.desktop_notification.terminal_notifier': Not used on non-Darwin systems
[16.201s] INFO:colcon.colcon_core.plugin_system:Skipping extension 'colcon_notification.desktop_notification.win32': Not used on non-Windows systems
[16.203s] INFO:colcon.colcon_notification.desktop_notification:Sending desktop notification using 'notify2'
[16.381s] DEBUG:colcon.colcon_core.event_reactor:joined thread
[16.393s] INFO:colcon.colcon_core.shell:Creating prefix script '/home/rosario/robot-ros/install/local_setup.ps1'
[16.400s] INFO:colcon.colcon_core.shell:Creating prefix util module '/home/rosario/robot-ros/install/_local_setup_util_ps1.py'
[16.417s] INFO:colcon.colcon_core.shell:Creating prefix chain script '/home/rosario/robot-ros/install/setup.ps1'
[16.443s] INFO:colcon.colcon_core.shell:Creating prefix script '/home/rosario/robot-ros/install/local_setup.sh'
[16.450s] INFO:colcon.colcon_core.shell:Creating prefix util module '/home/rosario/robot-ros/install/_local_setup_util_sh.py'
[16.462s] INFO:colcon.colcon_core.shell:Creating prefix chain script '/home/rosario/robot-ros/install/setup.sh'
[16.482s] INFO:colcon.colcon_core.shell:Creating prefix script '/home/rosario/robot-ros/install/local_setup.bash'
[16.489s] INFO:colcon.colcon_core.shell:Creating prefix chain script '/home/rosario/robot-ros/install/setup.bash'
[16.517s] INFO:colcon.colcon_core.shell:Creating prefix script '/home/rosario/robot-ros/install/local_setup.zsh'
[16.525s] INFO:colcon.colcon_core.shell:Creating prefix chain script '/home/rosario/robot-ros/install/setup.zsh'
