running egg_info
writing build/robot_ros/robot_ros.egg-info/PKG-INFO
writing dependency_links to build/robot_ros/robot_ros.egg-info/dependency_links.txt
writing entry points to build/robot_ros/robot_ros.egg-info/entry_points.txt
writing requirements to build/robot_ros/robot_ros.egg-info/requires.txt
writing top-level names to build/robot_ros/robot_ros.egg-info/top_level.txt
reading manifest file 'build/robot_ros/robot_ros.egg-info/SOURCES.txt'
writing manifest file 'build/robot_ros/robot_ros.egg-info/SOURCES.txt'
running build
running build_py
copying robot_ros/publisher_member_function.py -> /home/ubuntu/robot-ros/build/robot_ros/build/lib/robot_ros
copying robot_ros/cmd_to_pwm_driver.py -> /home/ubuntu/robot-ros/build/robot_ros/build/lib/robot_ros
copying robot_ros/surveillance_bot.py -> /home/ubuntu/robot-ros/build/robot_ros/build/lib/robot_ros
copying robot_ros/model_test.py -> /home/ubuntu/robot-ros/build/robot_ros/build/lib/robot_ros
running install
running install_lib
copying /home/ubuntu/robot-ros/build/robot_ros/build/lib/robot_ros/publisher_member_function.py -> /home/ubuntu/robot-ros/install/robot_ros/lib/python3.8/site-packages/robot_ros
copying /home/ubuntu/robot-ros/build/robot_ros/build/lib/robot_ros/cmd_to_pwm_driver.py -> /home/ubuntu/robot-ros/install/robot_ros/lib/python3.8/site-packages/robot_ros
copying /home/ubuntu/robot-ros/build/robot_ros/build/lib/robot_ros/surveillance_bot.py -> /home/ubuntu/robot-ros/install/robot_ros/lib/python3.8/site-packages/robot_ros
copying /home/ubuntu/robot-ros/build/robot_ros/build/lib/robot_ros/model_test.py -> /home/ubuntu/robot-ros/install/robot_ros/lib/python3.8/site-packages/robot_ros
byte-compiling /home/ubuntu/robot-ros/install/robot_ros/lib/python3.8/site-packages/robot_ros/publisher_member_function.py to publisher_member_function.cpython-38.pyc
byte-compiling /home/ubuntu/robot-ros/install/robot_ros/lib/python3.8/site-packages/robot_ros/cmd_to_pwm_driver.py to cmd_to_pwm_driver.cpython-38.pyc
byte-compiling /home/ubuntu/robot-ros/install/robot_ros/lib/python3.8/site-packages/robot_ros/surveillance_bot.py to surveillance_bot.cpython-38.pyc
byte-compiling /home/ubuntu/robot-ros/install/robot_ros/lib/python3.8/site-packages/robot_ros/model_test.py to model_test.cpython-38.pyc
running install_data
running install_egg_info
removing '/home/ubuntu/robot-ros/install/robot_ros/lib/python3.8/site-packages/robot_ros-0.0.0-py3.8.egg-info' (and everything under it)
Copying build/robot_ros/robot_ros.egg-info to /home/ubuntu/robot-ros/install/robot_ros/lib/python3.8/site-packages/robot_ros-0.0.0-py3.8.egg-info
running install_scripts
Installing nav_behaviour_tree script to /home/ubuntu/robot-ros/install/robot_ros/lib/robot_ros
writing list of installed files to '/home/ubuntu/robot-ros/build/robot_ros/install.log'
