[2.544s] Invoking command in '/home/ubuntu/robot-ros': PYTHONPATH=/home/ubuntu/robot-ros/build/robot_ros/prefix_override:/home/ubuntu/robot-ros/install/robot_ros/lib/python3.8/site-packages:${PYTHONPATH} /usr/bin/python3 setup.py egg_info --egg-base build/robot_ros build --build-base /home/ubuntu/robot-ros/build/robot_ros/build install --record /home/ubuntu/robot-ros/build/robot_ros/install.log --install-scripts $base/lib/robot_ros --single-version-externally-managed
[3.366s] running egg_info
[3.368s] writing build/robot_ros/robot_ros.egg-info/PKG-INFO
[3.369s] writing dependency_links to build/robot_ros/robot_ros.egg-info/dependency_links.txt
[3.369s] writing entry points to build/robot_ros/robot_ros.egg-info/entry_points.txt
[3.370s] writing requirements to build/robot_ros/robot_ros.egg-info/requires.txt
[3.371s] writing top-level names to build/robot_ros/robot_ros.egg-info/top_level.txt
[3.509s] reading manifest file 'build/robot_ros/robot_ros.egg-info/SOURCES.txt'
[3.515s] writing manifest file 'build/robot_ros/robot_ros.egg-info/SOURCES.txt'
[3.516s] running build
[3.516s] running build_py
[3.518s] copying robot_ros/GPIO_test.py -> /home/ubuntu/robot-ros/build/robot_ros/build/lib/robot_ros
[3.519s] running install
[3.522s] running install_lib
[3.526s] copying /home/ubuntu/robot-ros/build/robot_ros/build/lib/robot_ros/GPIO_test.py -> /home/ubuntu/robot-ros/install/robot_ros/lib/python3.8/site-packages/robot_ros
[3.529s] byte-compiling /home/ubuntu/robot-ros/install/robot_ros/lib/python3.8/site-packages/robot_ros/GPIO_test.py to GPIO_test.cpython-38.pyc
[3.534s] running install_data
[3.536s] copying launch/camera.launch.py -> /home/ubuntu/robot-ros/install/robot_ros/share/robot_ros/launch
[3.537s] copying launch/launch_robot.launch.py -> /home/ubuntu/robot-ros/install/robot_ros/share/robot_ros/launch
[3.542s] running install_egg_info
[3.547s] removing '/home/ubuntu/robot-ros/install/robot_ros/lib/python3.8/site-packages/robot_ros-0.0.0-py3.8.egg-info' (and everything under it)
[3.548s] Copying build/robot_ros/robot_ros.egg-info to /home/ubuntu/robot-ros/install/robot_ros/lib/python3.8/site-packages/robot_ros-0.0.0-py3.8.egg-info
[3.553s] running install_scripts
[3.618s] Installing cmdVel_to_pwm_node script to /home/ubuntu/robot-ros/install/robot_ros/lib/robot_ros
[3.619s] Installing nav_behaviour_tree script to /home/ubuntu/robot-ros/install/robot_ros/lib/robot_ros
[3.619s] Installing talker script to /home/ubuntu/robot-ros/install/robot_ros/lib/robot_ros
[3.621s] writing list of installed files to '/home/ubuntu/robot-ros/build/robot_ros/install.log'
[3.721s] Invoked command in '/home/ubuntu/robot-ros' returned '0': PYTHONPATH=/home/ubuntu/robot-ros/build/robot_ros/prefix_override:/home/ubuntu/robot-ros/install/robot_ros/lib/python3.8/site-packages:${PYTHONPATH} /usr/bin/python3 setup.py egg_info --egg-base build/robot_ros build --build-base /home/ubuntu/robot-ros/build/robot_ros/build install --record /home/ubuntu/robot-ros/build/robot_ros/install.log --install-scripts $base/lib/robot_ros --single-version-externally-managed
