[4.094s] Invoking command in '/home/ubuntu/robot-ros': PYTHONPATH=/home/ubuntu/robot-ros/build/robot_ros/prefix_override:/home/ubuntu/robot-ros/install/robot_ros/lib/python3.8/site-packages:${PYTHONPATH} /usr/bin/python3 setup.py egg_info --egg-base build/robot_ros build --build-base /home/ubuntu/robot-ros/build/robot_ros/build install --record /home/ubuntu/robot-ros/build/robot_ros/install.log --install-scripts $base/lib/robot_ros --single-version-externally-managed
[5.384s] running egg_info
[5.396s] writing build/robot_ros/robot_ros.egg-info/PKG-INFO
[5.397s] writing dependency_links to build/robot_ros/robot_ros.egg-info/dependency_links.txt
[5.397s] writing entry points to build/robot_ros/robot_ros.egg-info/entry_points.txt
[5.398s] writing requirements to build/robot_ros/robot_ros.egg-info/requires.txt
[5.398s] writing top-level names to build/robot_ros/robot_ros.egg-info/top_level.txt
[5.538s] reading manifest file 'build/robot_ros/robot_ros.egg-info/SOURCES.txt'
[5.543s] writing manifest file 'build/robot_ros/robot_ros.egg-info/SOURCES.txt'
[5.544s] running build
[5.544s] running build_py
[5.545s] running install
[5.548s] running install_lib
[5.585s] running install_data
[5.586s] copying launch/launch_robot.launch.py -> /home/ubuntu/robot-ros/install/robot_ros/share/robot_ros/launch
[5.587s] copying launch/rsp.launch.py -> /home/ubuntu/robot-ros/install/robot_ros/share/robot_ros/launch
[5.591s] running install_egg_info
[5.598s] removing '/home/ubuntu/robot-ros/install/robot_ros/lib/python3.8/site-packages/robot_ros-0.0.0-py3.8.egg-info' (and everything under it)
[5.599s] Copying build/robot_ros/robot_ros.egg-info to /home/ubuntu/robot-ros/install/robot_ros/lib/python3.8/site-packages/robot_ros-0.0.0-py3.8.egg-info
[5.610s] running install_scripts
[5.683s] Installing nav_behaviour_tree script to /home/ubuntu/robot-ros/install/robot_ros/lib/robot_ros
[5.687s] writing list of installed files to '/home/ubuntu/robot-ros/build/robot_ros/install.log'
[5.796s] Invoked command in '/home/ubuntu/robot-ros' returned '0': PYTHONPATH=/home/ubuntu/robot-ros/build/robot_ros/prefix_override:/home/ubuntu/robot-ros/install/robot_ros/lib/python3.8/site-packages:${PYTHONPATH} /usr/bin/python3 setup.py egg_info --egg-base build/robot_ros build --build-base /home/ubuntu/robot-ros/build/robot_ros/build install --record /home/ubuntu/robot-ros/build/robot_ros/install.log --install-scripts $base/lib/robot_ros --single-version-externally-managed
