[0.365s] DEBUG:colcon:Command line arguments: ['/usr/bin/colcon', 'build']
[0.365s] DEBUG:colcon:Parsed command line arguments: Namespace(allow_overriding=[], ament_cmake_args=None, base_paths=['.'], build_base='build', catkin_cmake_args=None, catkin_skip_building_tests=False, cmake_args=None, cmake_clean_cache=False, cmake_clean_first=False, cmake_force_configure=False, cmake_target=None, cmake_target_skip_unavailable=False, continue_on_error=False, event_handlers=None, executor='parallel', ignore_user_meta=False, install_base='install', log_base=None, log_level=None, main=<bound method BuildVerb.main of <colcon_core.verb.build.BuildVerb object at 0x7f1c044bb6d0>>, merge_install=False, metas=['./colcon.meta'], packages_above=None, packages_above_and_dependencies=None, packages_above_depth=None, packages_end=None, packages_ignore=None, packages_ignore_regex=None, packages_select=None, packages_select_build_failed=False, packages_select_by_dep=None, packages_select_regex=None, packages_select_test_failures=False, packages_skip=None, packages_skip_build_finished=False, packages_skip_by_dep=None, packages_skip_regex=None, packages_skip_test_passed=False, packages_skip_up_to=None, packages_start=None, packages_up_to=None, packages_up_to_regex=None, parallel_workers=4, paths=None, symlink_install=False, test_result_base=None, verb_extension=<colcon_core.verb.build.BuildVerb object at 0x7f1c044bb6d0>, verb_name='build', verb_parser=<colcon_defaults.argument_parser.defaults.DefaultArgumentsDecorator object at 0x7f1c044bbc10>)
[0.394s] Level 1:colcon.colcon_core.package_discovery:discover_packages(colcon_meta) check parameters
[0.394s] Level 1:colcon.colcon_core.package_discovery:discover_packages(recursive) check parameters
[0.394s] Level 1:colcon.colcon_core.package_discovery:discover_packages(ignore) check parameters
[0.394s] Level 1:colcon.colcon_core.package_discovery:discover_packages(path) check parameters
[0.394s] Level 1:colcon.colcon_core.package_discovery:discover_packages(colcon_meta) discover
[0.394s] Level 1:colcon.colcon_core.package_discovery:discover_packages(recursive) discover
[0.394s] INFO:colcon.colcon_core.package_discovery:Crawling recursively for packages in '/home/rosario/robot-ros'
[0.395s] Level 1:colcon.colcon_core.package_identification:_identify(.) by extensions ['ignore', 'ignore_ament_install']
[0.395s] Level 1:colcon.colcon_core.package_identification:_identify(.) by extension 'ignore'
[0.395s] Level 1:colcon.colcon_core.package_identification:_identify(.) by extension 'ignore_ament_install'
[0.395s] Level 1:colcon.colcon_core.package_identification:_identify(.) by extensions ['colcon_pkg']
[0.395s] Level 1:colcon.colcon_core.package_identification:_identify(.) by extension 'colcon_pkg'
[0.395s] Level 1:colcon.colcon_core.package_identification:_identify(.) by extensions ['colcon_meta']
[0.395s] Level 1:colcon.colcon_core.package_identification:_identify(.) by extension 'colcon_meta'
[0.395s] Level 1:colcon.colcon_core.package_identification:_identify(.) by extensions ['ros']
[0.395s] Level 1:colcon.colcon_core.package_identification:_identify(.) by extension 'ros'
[0.421s] DEBUG:colcon.colcon_core.package_identification:Package '.' with type 'ros.ament_python' and name 'robot_ros'
[0.421s] Level 1:colcon.colcon_core.package_discovery:discover_packages(recursive) using defaults
[0.421s] Level 1:colcon.colcon_core.package_discovery:discover_packages(ignore) discover
[0.421s] Level 1:colcon.colcon_core.package_discovery:discover_packages(ignore) using defaults
[0.421s] Level 1:colcon.colcon_core.package_discovery:discover_packages(path) discover
[0.421s] Level 1:colcon.colcon_core.package_discovery:discover_packages(path) using defaults
[0.451s] Level 1:colcon.colcon_core.package_discovery:discover_packages(prefix_path) check parameters
[0.451s] Level 1:colcon.colcon_core.package_discovery:discover_packages(prefix_path) discover
[0.454s] DEBUG:colcon.colcon_installed_package_information.package_discovery:Found 1 installed packages in /home/rosario/robot-ros/install
[0.455s] DEBUG:colcon.colcon_installed_package_information.package_discovery:Found 4 installed packages in /home/rosario/robot-development/install
[0.462s] DEBUG:colcon.colcon_installed_package_information.package_discovery:Found 311 installed packages in /home/rosario/ros2_foxy/ros2-linux
[0.465s] DEBUG:colcon.colcon_installed_package_information.package_discovery:Found 176 installed packages in /opt/ros/foxy
[0.471s] Level 1:colcon.colcon_core.package_discovery:discover_packages(prefix_path) using defaults
[0.524s] Level 5:colcon.colcon_core.verb:set package 'robot_ros' build argument 'cmake_args' from command line to 'None'
[0.524s] Level 5:colcon.colcon_core.verb:set package 'robot_ros' build argument 'cmake_target' from command line to 'None'
[0.524s] Level 5:colcon.colcon_core.verb:set package 'robot_ros' build argument 'cmake_target_skip_unavailable' from command line to 'False'
[0.524s] Level 5:colcon.colcon_core.verb:set package 'robot_ros' build argument 'cmake_clean_cache' from command line to 'False'
[0.524s] Level 5:colcon.colcon_core.verb:set package 'robot_ros' build argument 'cmake_clean_first' from command line to 'False'
[0.524s] Level 5:colcon.colcon_core.verb:set package 'robot_ros' build argument 'cmake_force_configure' from command line to 'False'
[0.524s] Level 5:colcon.colcon_core.verb:set package 'robot_ros' build argument 'ament_cmake_args' from command line to 'None'
[0.524s] Level 5:colcon.colcon_core.verb:set package 'robot_ros' build argument 'catkin_cmake_args' from command line to 'None'
[0.525s] Level 5:colcon.colcon_core.verb:set package 'robot_ros' build argument 'catkin_skip_building_tests' from command line to 'False'
[0.525s] DEBUG:colcon.colcon_core.verb:Building package 'robot_ros' with the following arguments: {'ament_cmake_args': None, 'build_base': '/home/rosario/robot-ros/build/robot_ros', 'catkin_cmake_args': None, 'catkin_skip_building_tests': False, 'cmake_args': None, 'cmake_clean_cache': False, 'cmake_clean_first': False, 'cmake_force_configure': False, 'cmake_target': None, 'cmake_target_skip_unavailable': False, 'install_base': '/home/rosario/robot-ros/install/robot_ros', 'merge_install': False, 'path': '/home/rosario/robot-ros', 'symlink_install': False, 'test_result_base': None}
[0.525s] INFO:colcon.colcon_core.executor:Executing jobs using 'parallel' executor
[0.529s] DEBUG:colcon.colcon_parallel_executor.executor.parallel:run_until_complete
[0.529s] INFO:colcon.colcon_ros.task.ament_python.build:Building ROS package in '/home/rosario/robot-ros' with build type 'ament_python'
[0.529s] Level 1:colcon.colcon_core.shell:create_environment_hook('robot_ros', 'ament_prefix_path')
[0.534s] INFO:colcon.colcon_core.plugin_system:Skipping extension 'colcon_core.shell.bat': Not used on non-Windows systems
[0.534s] INFO:colcon.colcon_core.shell:Creating environment hook '/home/rosario/robot-ros/install/robot_ros/share/robot_ros/hook/ament_prefix_path.ps1'
[0.535s] INFO:colcon.colcon_core.shell:Creating environment descriptor '/home/rosario/robot-ros/install/robot_ros/share/robot_ros/hook/ament_prefix_path.dsv'
[0.536s] INFO:colcon.colcon_core.shell:Creating environment hook '/home/rosario/robot-ros/install/robot_ros/share/robot_ros/hook/ament_prefix_path.sh'
[0.537s] INFO:colcon.colcon_core.shell:Skip shell extension 'powershell' for command environment: Not usable outside of PowerShell
[0.538s] DEBUG:colcon.colcon_core.shell:Skip shell extension 'dsv' for command environment
[0.854s] WARNING:colcon.colcon_ros.task.ament_python.build:Package 'robot_ros' doesn't explicitly install a marker in the package index (colcon-ros currently does it implicitly but that fallback will be removed in the future)
[0.855s] INFO:colcon.colcon_core.task.python.build:Building Python package in '/home/rosario/robot-ros'
[0.857s] INFO:colcon.colcon_core.shell:Skip shell extension 'powershell' for command environment: Not usable outside of PowerShell
[0.857s] DEBUG:colcon.colcon_core.shell:Skip shell extension 'dsv' for command environment
[1.405s] DEBUG:colcon.colcon_core.event_handler.log_command:Invoking command in '/home/rosario/robot-ros': PYTHONPATH=/home/rosario/robot-ros/build/robot_ros/prefix_override:/home/rosario/robot-ros/install/robot_ros/lib/python3.8/site-packages:${PYTHONPATH} /usr/bin/python3 setup.py egg_info --egg-base build/robot_ros build --build-base /home/rosario/robot-ros/build/robot_ros/build install --record /home/rosario/robot-ros/build/robot_ros/install.log --install-scripts $base/lib/robot_ros --single-version-externally-managed
[1.776s] DEBUG:colcon.colcon_core.event_handler.log_command:Invoked command in '/home/rosario/robot-ros' returned '0': PYTHONPATH=/home/rosario/robot-ros/build/robot_ros/prefix_override:/home/rosario/robot-ros/install/robot_ros/lib/python3.8/site-packages:${PYTHONPATH} /usr/bin/python3 setup.py egg_info --egg-base build/robot_ros build --build-base /home/rosario/robot-ros/build/robot_ros/build install --record /home/rosario/robot-ros/build/robot_ros/install.log --install-scripts $base/lib/robot_ros --single-version-externally-managed
[1.782s] Level 1:colcon.colcon_core.environment:checking '/home/rosario/robot-ros/install/robot_ros' for CMake module files
[1.783s] Level 1:colcon.colcon_core.environment:checking '/home/rosario/robot-ros/install/robot_ros' for CMake config files
[1.784s] Level 1:colcon.colcon_core.environment:checking '/home/rosario/robot-ros/install/robot_ros/lib'
[1.784s] Level 1:colcon.colcon_core.environment:checking '/home/rosario/robot-ros/install/robot_ros/bin'
[1.784s] Level 1:colcon.colcon_core.environment:checking '/home/rosario/robot-ros/install/robot_ros/lib/pkgconfig/robot_ros.pc'
[1.784s] Level 1:colcon.colcon_core.environment:checking '/home/rosario/robot-ros/install/robot_ros/lib/python3.8/site-packages'
[1.784s] Level 1:colcon.colcon_core.shell:create_environment_hook('robot_ros', 'pythonpath')
[1.786s] INFO:colcon.colcon_core.shell:Creating environment hook '/home/rosario/robot-ros/install/robot_ros/share/robot_ros/hook/pythonpath.ps1'
[1.787s] INFO:colcon.colcon_core.shell:Creating environment descriptor '/home/rosario/robot-ros/install/robot_ros/share/robot_ros/hook/pythonpath.dsv'
[1.787s] INFO:colcon.colcon_core.shell:Creating environment hook '/home/rosario/robot-ros/install/robot_ros/share/robot_ros/hook/pythonpath.sh'
[1.788s] Level 1:colcon.colcon_core.environment:checking '/home/rosario/robot-ros/install/robot_ros/bin'
[1.788s] Level 1:colcon.colcon_core.environment:create_environment_scripts_only(robot_ros)
[1.790s] INFO:colcon.colcon_core.shell:Creating package script '/home/rosario/robot-ros/install/robot_ros/share/robot_ros/package.ps1'
[1.791s] INFO:colcon.colcon_core.shell:Creating package descriptor '/home/rosario/robot-ros/install/robot_ros/share/robot_ros/package.dsv'
[1.791s] INFO:colcon.colcon_core.shell:Creating package script '/home/rosario/robot-ros/install/robot_ros/share/robot_ros/package.sh'
[1.792s] INFO:colcon.colcon_core.shell:Creating package script '/home/rosario/robot-ros/install/robot_ros/share/robot_ros/package.bash'
[1.793s] INFO:colcon.colcon_core.shell:Creating package script '/home/rosario/robot-ros/install/robot_ros/share/robot_ros/package.zsh'
[1.794s] Level 1:colcon.colcon_core.environment:create_file_with_runtime_dependencies(/home/rosario/robot-ros/install/robot_ros/share/colcon-core/packages/robot_ros)
[1.795s] DEBUG:colcon.colcon_parallel_executor.executor.parallel:closing loop
[1.795s] DEBUG:colcon.colcon_parallel_executor.executor.parallel:loop closed
[1.795s] DEBUG:colcon.colcon_parallel_executor.executor.parallel:run_until_complete finished with '0'
[1.795s] DEBUG:colcon.colcon_core.event_reactor:joining thread
[1.801s] INFO:colcon.colcon_core.plugin_system:Skipping extension 'colcon_notification.desktop_notification.terminal_notifier': Not used on non-Darwin systems
[1.802s] INFO:colcon.colcon_core.plugin_system:Skipping extension 'colcon_notification.desktop_notification.win32': Not used on non-Windows systems
[1.802s] INFO:colcon.colcon_notification.desktop_notification:Sending desktop notification using 'notify2'
[1.820s] DEBUG:colcon.colcon_core.event_reactor:joined thread
[1.822s] INFO:colcon.colcon_core.shell:Creating prefix script '/home/rosario/robot-ros/install/local_setup.ps1'
[1.824s] INFO:colcon.colcon_core.shell:Creating prefix util module '/home/rosario/robot-ros/install/_local_setup_util_ps1.py'
[1.827s] INFO:colcon.colcon_core.shell:Creating prefix chain script '/home/rosario/robot-ros/install/setup.ps1'
[1.833s] INFO:colcon.colcon_core.shell:Creating prefix script '/home/rosario/robot-ros/install/local_setup.sh'
[1.834s] INFO:colcon.colcon_core.shell:Creating prefix util module '/home/rosario/robot-ros/install/_local_setup_util_sh.py'
[1.835s] INFO:colcon.colcon_core.shell:Creating prefix chain script '/home/rosario/robot-ros/install/setup.sh'
[1.837s] INFO:colcon.colcon_core.shell:Creating prefix script '/home/rosario/robot-ros/install/local_setup.bash'
[1.838s] INFO:colcon.colcon_core.shell:Creating prefix chain script '/home/rosario/robot-ros/install/setup.bash'
[1.840s] INFO:colcon.colcon_core.shell:Creating prefix script '/home/rosario/robot-ros/install/local_setup.zsh'
[1.841s] INFO:colcon.colcon_core.shell:Creating prefix chain script '/home/rosario/robot-ros/install/setup.zsh'
