[0.661s] Invoking command in '/home/rosario/robot-ros': PYTHONPATH=/home/rosario/robot-ros/build/robot_ros/prefix_override:/home/rosario/robot-ros/install/robot_ros/lib/python3.8/site-packages:${PYTHONPATH} /usr/bin/python3 setup.py egg_info --egg-base build/robot_ros build --build-base /home/rosario/robot-ros/build/robot_ros/build install --record /home/rosario/robot-ros/build/robot_ros/install.log --install-scripts $base/lib/robot_ros --single-version-externally-managed
[0.884s] running egg_info
[0.885s] creating build/robot_ros/robot_ros.egg-info
[0.885s] writing build/robot_ros/robot_ros.egg-info/PKG-INFO
[0.885s] writing dependency_links to build/robot_ros/robot_ros.egg-info/dependency_links.txt
[0.885s] writing entry points to build/robot_ros/robot_ros.egg-info/entry_points.txt
[0.885s] writing requirements to build/robot_ros/robot_ros.egg-info/requires.txt
[0.886s] writing top-level names to build/robot_ros/robot_ros.egg-info/top_level.txt
[0.887s] writing manifest file 'build/robot_ros/robot_ros.egg-info/SOURCES.txt'
[0.919s] reading manifest file 'build/robot_ros/robot_ros.egg-info/SOURCES.txt'
[0.920s] writing manifest file 'build/robot_ros/robot_ros.egg-info/SOURCES.txt'
[0.920s] running build
[0.920s] running build_py
[0.920s] creating /home/rosario/robot-ros/build/robot_ros/build
[0.920s] creating /home/rosario/robot-ros/build/robot_ros/build/lib
[0.920s] creating /home/rosario/robot-ros/build/robot_ros/build/lib/robot_ros
[0.920s] copying robot_ros/__init__.py -> /home/rosario/robot-ros/build/robot_ros/build/lib/robot_ros
[0.921s] copying robot_ros/navbehaviourtree.py -> /home/rosario/robot-ros/build/robot_ros/build/lib/robot_ros
[0.921s] running install
[0.921s] running install_lib
[0.923s] creating /home/rosario/robot-ros/install/robot_ros/lib/python3.8/site-packages/robot_ros
[0.923s] copying /home/rosario/robot-ros/build/robot_ros/build/lib/robot_ros/__init__.py -> /home/rosario/robot-ros/install/robot_ros/lib/python3.8/site-packages/robot_ros
[0.923s] copying /home/rosario/robot-ros/build/robot_ros/build/lib/robot_ros/navbehaviourtree.py -> /home/rosario/robot-ros/install/robot_ros/lib/python3.8/site-packages/robot_ros
[0.923s] byte-compiling /home/rosario/robot-ros/install/robot_ros/lib/python3.8/site-packages/robot_ros/__init__.py to __init__.cpython-38.pyc
[0.925s] byte-compiling /home/rosario/robot-ros/install/robot_ros/lib/python3.8/site-packages/robot_ros/navbehaviourtree.py to navbehaviourtree.cpython-38.pyc
[0.925s] running install_data
[0.926s] creating /home/rosario/robot-ros/install/robot_ros/share/ament_index
[0.926s] creating /home/rosario/robot-ros/install/robot_ros/share/ament_index/resource_index
[0.926s] creating /home/rosario/robot-ros/install/robot_ros/share/ament_index/resource_index/packages
[0.926s] error: can't copy 'resource/robot_ros': doesn't exist or not a regular file
[0.947s] Invoked command in '/home/rosario/robot-ros' returned '1': PYTHONPATH=/home/rosario/robot-ros/build/robot_ros/prefix_override:/home/rosario/robot-ros/install/robot_ros/lib/python3.8/site-packages:${PYTHONPATH} /usr/bin/python3 setup.py egg_info --egg-base build/robot_ros build --build-base /home/rosario/robot-ros/build/robot_ros/build install --record /home/rosario/robot-ros/build/robot_ros/install.log --install-scripts $base/lib/robot_ros --single-version-externally-managed
