[0.655s] Invoking command in '/home/rosario/robot-ros': PYTHONPATH=/home/rosario/robot-ros/build/robot_ros/prefix_override:/home/rosario/robot-ros/install/robot_ros/lib/python3.8/site-packages:${PYTHONPATH} /usr/bin/python3 setup.py egg_info --egg-base build/robot_ros build --build-base /home/rosario/robot-ros/build/robot_ros/build install --record /home/rosario/robot-ros/build/robot_ros/install.log --install-scripts $base/lib/robot_ros --single-version-externally-managed
[0.871s] running egg_info
[0.872s] writing build/robot_ros/robot_ros.egg-info/PKG-INFO
[0.872s] writing dependency_links to build/robot_ros/robot_ros.egg-info/dependency_links.txt
[0.873s] writing entry points to build/robot_ros/robot_ros.egg-info/entry_points.txt
[0.873s] writing requirements to build/robot_ros/robot_ros.egg-info/requires.txt
[0.873s] writing top-level names to build/robot_ros/robot_ros.egg-info/top_level.txt
[0.908s] reading manifest file 'build/robot_ros/robot_ros.egg-info/SOURCES.txt'
[0.909s] writing manifest file 'build/robot_ros/robot_ros.egg-info/SOURCES.txt'
[0.909s] running build
[0.909s] running build_py
[0.909s] copying robot_ros/navbehaviourtree.py -> /home/rosario/robot-ros/build/robot_ros/build/lib/robot_ros
[0.909s] running install
[0.910s] running install_lib
[0.911s] copying /home/rosario/robot-ros/build/robot_ros/build/lib/robot_ros/navbehaviourtree.py -> /home/rosario/robot-ros/install/robot_ros/lib/python3.8/site-packages/robot_ros
[0.912s] byte-compiling /home/rosario/robot-ros/install/robot_ros/lib/python3.8/site-packages/robot_ros/navbehaviourtree.py to navbehaviourtree.cpython-38.pyc
[0.914s] running install_data
[0.915s] copying launch/test_mobile_robot_1.launch.py -> /home/rosario/robot-ros/install/robot_ros/share/robot_ros/launch
[0.915s] copying launch/test_mobile_robot_0.launch.py -> /home/rosario/robot-ros/install/robot_ros/share/robot_ros/launch
[0.916s] running install_egg_info
[0.918s] removing '/home/rosario/robot-ros/install/robot_ros/lib/python3.8/site-packages/robot_ros-0.0.0-py3.8.egg-info' (and everything under it)
[0.918s] Copying build/robot_ros/robot_ros.egg-info to /home/rosario/robot-ros/install/robot_ros/lib/python3.8/site-packages/robot_ros-0.0.0-py3.8.egg-info
[0.919s] running install_scripts
[0.936s] Installing nav_behaviour_tree script to /home/rosario/robot-ros/install/robot_ros/lib/robot_ros
[0.937s] writing list of installed files to '/home/rosario/robot-ros/build/robot_ros/install.log'
[0.961s] Invoked command in '/home/rosario/robot-ros' returned '0': PYTHONPATH=/home/rosario/robot-ros/build/robot_ros/prefix_override:/home/rosario/robot-ros/install/robot_ros/lib/python3.8/site-packages:${PYTHONPATH} /usr/bin/python3 setup.py egg_info --egg-base build/robot_ros build --build-base /home/rosario/robot-ros/build/robot_ros/build install --record /home/rosario/robot-ros/build/robot_ros/install.log --install-scripts $base/lib/robot_ros --single-version-externally-managed
