running egg_info
writing build/robot_ros/robot_ros.egg-info/PKG-INFO
writing dependency_links to build/robot_ros/robot_ros.egg-info/dependency_links.txt
writing entry points to build/robot_ros/robot_ros.egg-info/entry_points.txt
writing requirements to build/robot_ros/robot_ros.egg-info/requires.txt
writing top-level names to build/robot_ros/robot_ros.egg-info/top_level.txt
reading manifest file 'build/robot_ros/robot_ros.egg-info/SOURCES.txt'
writing manifest file 'build/robot_ros/robot_ros.egg-info/SOURCES.txt'
running build
running build_py
running install
running install_lib
running install_data
creating /home/rosario/robot-ros/install/robot_ros/share/robot_ros/config
copying config/mapper.yaml -> /home/rosario/robot-ros/install/robot_ros/share/robot_ros/config
copying config/eks.yaml -> /home/rosario/robot-ros/install/robot_ros/share/robot_ros/config
copying config/nav2_params.yaml -> /home/rosario/robot-ros/install/robot_ros/share/robot_ros/config
running install_egg_info
removing '/home/rosario/robot-ros/install/robot_ros/lib/python3.8/site-packages/robot_ros-0.0.0-py3.8.egg-info' (and everything under it)
Copying build/robot_ros/robot_ros.egg-info to /home/rosario/robot-ros/install/robot_ros/lib/python3.8/site-packages/robot_ros-0.0.0-py3.8.egg-info
running install_scripts
Installing nav_behaviour_tree script to /home/rosario/robot-ros/install/robot_ros/lib/robot_ros
writing list of installed files to '/home/rosario/robot-ros/build/robot_ros/install.log'
