[7.870s] Invoking command in '/home/rosario/robot-ros': PYTHONPATH=/home/rosario/robot-ros/build/robot_ros/prefix_override:/home/rosario/robot-ros/install/robot_ros/lib/python3.8/site-packages:${PYTHONPATH} /usr/bin/python3 setup.py egg_info --egg-base build/robot_ros build --build-base /home/rosario/robot-ros/build/robot_ros/build install --record /home/rosario/robot-ros/build/robot_ros/install.log --install-scripts $base/lib/robot_ros --single-version-externally-managed
[10.588s] running egg_info
[10.598s] writing build/robot_ros/robot_ros.egg-info/PKG-INFO
[10.604s] writing dependency_links to build/robot_ros/robot_ros.egg-info/dependency_links.txt
[10.610s] writing entry points to build/robot_ros/robot_ros.egg-info/entry_points.txt
[10.616s] writing requirements to build/robot_ros/robot_ros.egg-info/requires.txt
[10.622s] writing top-level names to build/robot_ros/robot_ros.egg-info/top_level.txt
[10.990s] reading manifest file 'build/robot_ros/robot_ros.egg-info/SOURCES.txt'
[11.011s] writing manifest file 'build/robot_ros/robot_ros.egg-info/SOURCES.txt'
[11.011s] running build
[11.011s] running build_py
[11.014s] running install
[11.015s] running install_lib
[11.027s] running install_data
[11.043s] creating /home/rosario/robot-ros/install/robot_ros/share/robot_ros/config
[11.045s] copying config/mapper.yaml -> /home/rosario/robot-ros/install/robot_ros/share/robot_ros/config
[11.046s] copying config/eks.yaml -> /home/rosario/robot-ros/install/robot_ros/share/robot_ros/config
[11.049s] copying config/nav2_params.yaml -> /home/rosario/robot-ros/install/robot_ros/share/robot_ros/config
[11.050s] running install_egg_info
[11.066s] removing '/home/rosario/robot-ros/install/robot_ros/lib/python3.8/site-packages/robot_ros-0.0.0-py3.8.egg-info' (and everything under it)
[11.070s] Copying build/robot_ros/robot_ros.egg-info to /home/rosario/robot-ros/install/robot_ros/lib/python3.8/site-packages/robot_ros-0.0.0-py3.8.egg-info
[11.083s] running install_scripts
[11.283s] Installing nav_behaviour_tree script to /home/rosario/robot-ros/install/robot_ros/lib/robot_ros
[11.284s] writing list of installed files to '/home/rosario/robot-ros/build/robot_ros/install.log'
[11.655s] Invoked command in '/home/rosario/robot-ros' returned '0': PYTHONPATH=/home/rosario/robot-ros/build/robot_ros/prefix_override:/home/rosario/robot-ros/install/robot_ros/lib/python3.8/site-packages:${PYTHONPATH} /usr/bin/python3 setup.py egg_info --egg-base build/robot_ros build --build-base /home/rosario/robot-ros/build/robot_ros/build install --record /home/rosario/robot-ros/build/robot_ros/install.log --install-scripts $base/lib/robot_ros --single-version-externally-managed
