[0.758s] DEBUG:colcon:Command line arguments: ['/usr/bin/colcon', 'build']
[0.758s] DEBUG:colcon:Parsed command line arguments: Namespace(allow_overriding=[], ament_cmake_args=None, base_paths=['.'], build_base='build', catkin_cmake_args=None, catkin_skip_building_tests=False, cmake_args=None, cmake_clean_cache=False, cmake_clean_first=False, cmake_force_configure=False, cmake_target=None, cmake_target_skip_unavailable=False, continue_on_error=False, event_handlers=None, executor='parallel', ignore_user_meta=False, install_base='install', log_base=None, log_level=None, main=<bound method BuildVerb.main of <colcon_core.verb.build.BuildVerb object at 0xffffa34bb9a0>>, merge_install=False, metas=['./colcon.meta'], packages_above=None, packages_above_and_dependencies=None, packages_above_depth=None, packages_end=None, packages_ignore=None, packages_ignore_regex=None, packages_select=None, packages_select_build_failed=False, packages_select_by_dep=None, packages_select_regex=None, packages_select_test_failures=False, packages_skip=None, packages_skip_build_finished=False, packages_skip_by_dep=None, packages_skip_regex=None, packages_skip_test_passed=False, packages_skip_up_to=None, packages_start=None, packages_up_to=None, packages_up_to_regex=None, parallel_workers=4, paths=None, symlink_install=False, test_result_base=None, verb_extension=<colcon_core.verb.build.BuildVerb object at 0xffffa34bb9a0>, verb_name='build', verb_parser=<colcon_defaults.argument_parser.defaults.DefaultArgumentsDecorator object at 0xffffa34bbf10>)
[0.881s] Level 1:colcon.colcon_core.package_discovery:discover_packages(colcon_meta) check parameters
[0.881s] Level 1:colcon.colcon_core.package_discovery:discover_packages(recursive) check parameters
[0.882s] Level 1:colcon.colcon_core.package_discovery:discover_packages(ignore) check parameters
[0.882s] Level 1:colcon.colcon_core.package_discovery:discover_packages(path) check parameters
[0.882s] Level 1:colcon.colcon_core.package_discovery:discover_packages(colcon_meta) discover
[0.882s] Level 1:colcon.colcon_core.package_discovery:discover_packages(recursive) discover
[0.882s] INFO:colcon.colcon_core.package_discovery:Crawling recursively for packages in '/home/ubuntu/robot-ros'
[0.883s] Level 1:colcon.colcon_core.package_identification:_identify(.) by extensions ['ignore', 'ignore_ament_install']
[0.884s] Level 1:colcon.colcon_core.package_identification:_identify(.) by extension 'ignore'
[0.884s] Level 1:colcon.colcon_core.package_identification:_identify(.) by extension 'ignore_ament_install'
[0.884s] Level 1:colcon.colcon_core.package_identification:_identify(.) by extensions ['colcon_pkg']
[0.885s] Level 1:colcon.colcon_core.package_identification:_identify(.) by extension 'colcon_pkg'
[0.885s] Level 1:colcon.colcon_core.package_identification:_identify(.) by extensions ['colcon_meta']
[0.885s] Level 1:colcon.colcon_core.package_identification:_identify(.) by extension 'colcon_meta'
[0.885s] Level 1:colcon.colcon_core.package_identification:_identify(.) by extensions ['ros']
[0.885s] Level 1:colcon.colcon_core.package_identification:_identify(.) by extension 'ros'
[0.942s] DEBUG:colcon.colcon_core.package_identification:Package '.' with type 'ros.ament_python' and name 'robot_ros'
[0.943s] Level 1:colcon.colcon_core.package_discovery:discover_packages(recursive) using defaults
[0.943s] Level 1:colcon.colcon_core.package_discovery:discover_packages(ignore) discover
[0.943s] Level 1:colcon.colcon_core.package_discovery:discover_packages(ignore) using defaults
[0.943s] Level 1:colcon.colcon_core.package_discovery:discover_packages(path) discover
[0.943s] Level 1:colcon.colcon_core.package_discovery:discover_packages(path) using defaults
[1.084s] Level 1:colcon.colcon_core.package_discovery:discover_packages(prefix_path) check parameters
[1.085s] Level 1:colcon.colcon_core.package_discovery:discover_packages(prefix_path) discover
[1.100s] DEBUG:colcon.colcon_installed_package_information.package_discovery:Found 1 installed packages in /home/ubuntu/robot-ros/install
[1.105s] DEBUG:colcon.colcon_installed_package_information.package_discovery:Found 2 installed packages in /home/ubuntu/dev_ws/install
[1.114s] DEBUG:colcon.colcon_installed_package_information.package_discovery:Found 201 installed packages in /opt/ros/foxy
[1.120s] Level 1:colcon.colcon_core.package_discovery:discover_packages(prefix_path) using defaults
[1.358s] Level 5:colcon.colcon_core.verb:set package 'robot_ros' build argument 'cmake_args' from command line to 'None'
[1.359s] Level 5:colcon.colcon_core.verb:set package 'robot_ros' build argument 'cmake_target' from command line to 'None'
[1.359s] Level 5:colcon.colcon_core.verb:set package 'robot_ros' build argument 'cmake_target_skip_unavailable' from command line to 'False'
[1.359s] Level 5:colcon.colcon_core.verb:set package 'robot_ros' build argument 'cmake_clean_cache' from command line to 'False'
[1.359s] Level 5:colcon.colcon_core.verb:set package 'robot_ros' build argument 'cmake_clean_first' from command line to 'False'
[1.359s] Level 5:colcon.colcon_core.verb:set package 'robot_ros' build argument 'cmake_force_configure' from command line to 'False'
[1.359s] Level 5:colcon.colcon_core.verb:set package 'robot_ros' build argument 'ament_cmake_args' from command line to 'None'
[1.359s] Level 5:colcon.colcon_core.verb:set package 'robot_ros' build argument 'catkin_cmake_args' from command line to 'None'
[1.359s] Level 5:colcon.colcon_core.verb:set package 'robot_ros' build argument 'catkin_skip_building_tests' from command line to 'False'
[1.360s] DEBUG:colcon.colcon_core.verb:Building package 'robot_ros' with the following arguments: {'ament_cmake_args': None, 'build_base': '/home/ubuntu/robot-ros/build/robot_ros', 'catkin_cmake_args': None, 'catkin_skip_building_tests': False, 'cmake_args': None, 'cmake_clean_cache': False, 'cmake_clean_first': False, 'cmake_force_configure': False, 'cmake_target': None, 'cmake_target_skip_unavailable': False, 'install_base': '/home/ubuntu/robot-ros/install/robot_ros', 'merge_install': False, 'path': '/home/ubuntu/robot-ros', 'symlink_install': False, 'test_result_base': None}
[1.363s] INFO:colcon.colcon_core.executor:Executing jobs using 'parallel' executor
[1.383s] DEBUG:colcon.colcon_parallel_executor.executor.parallel:run_until_complete
[1.385s] INFO:colcon.colcon_ros.task.ament_python.build:Building ROS package in '/home/ubuntu/robot-ros' with build type 'ament_python'
[1.386s] Level 1:colcon.colcon_core.shell:create_environment_hook('robot_ros', 'ament_prefix_path')
[1.412s] INFO:colcon.colcon_core.plugin_system:Skipping extension 'colcon_core.shell.bat': Not used on non-Windows systems
[1.413s] INFO:colcon.colcon_core.shell:Creating environment hook '/home/ubuntu/robot-ros/install/robot_ros/share/robot_ros/hook/ament_prefix_path.ps1'
[1.417s] INFO:colcon.colcon_core.shell:Creating environment descriptor '/home/ubuntu/robot-ros/install/robot_ros/share/robot_ros/hook/ament_prefix_path.dsv'
[1.419s] INFO:colcon.colcon_core.shell:Creating environment hook '/home/ubuntu/robot-ros/install/robot_ros/share/robot_ros/hook/ament_prefix_path.sh'
[1.433s] INFO:colcon.colcon_core.shell:Skip shell extension 'powershell' for command environment: Not usable outside of PowerShell
[1.433s] DEBUG:colcon.colcon_core.shell:Skip shell extension 'dsv' for command environment
[2.498s] WARNING:colcon.colcon_ros.task.ament_python.build:Package 'robot_ros' doesn't explicitly install a marker in the package index (colcon-ros currently does it implicitly but that fallback will be removed in the future)
[2.499s] INFO:colcon.colcon_core.task.python.build:Building Python package in '/home/ubuntu/robot-ros'
[2.506s] INFO:colcon.colcon_core.shell:Skip shell extension 'powershell' for command environment: Not usable outside of PowerShell
[2.506s] DEBUG:colcon.colcon_core.shell:Skip shell extension 'dsv' for command environment
[4.226s] DEBUG:colcon.colcon_core.event_handler.log_command:Invoking command in '/home/ubuntu/robot-ros': PYTHONPATH=/home/ubuntu/robot-ros/build/robot_ros/prefix_override:/home/ubuntu/robot-ros/install/robot_ros/lib/python3.8/site-packages:${PYTHONPATH} /usr/bin/python3 setup.py egg_info --egg-base build/robot_ros build --build-base /home/ubuntu/robot-ros/build/robot_ros/build install --record /home/ubuntu/robot-ros/build/robot_ros/install.log --install-scripts $base/lib/robot_ros --single-version-externally-managed
[5.606s] DEBUG:colcon.colcon_core.event_handler.log_command:Invoked command in '/home/ubuntu/robot-ros' returned '0': PYTHONPATH=/home/ubuntu/robot-ros/build/robot_ros/prefix_override:/home/ubuntu/robot-ros/install/robot_ros/lib/python3.8/site-packages:${PYTHONPATH} /usr/bin/python3 setup.py egg_info --egg-base build/robot_ros build --build-base /home/ubuntu/robot-ros/build/robot_ros/build install --record /home/ubuntu/robot-ros/build/robot_ros/install.log --install-scripts $base/lib/robot_ros --single-version-externally-managed
[5.657s] Level 1:colcon.colcon_core.environment:checking '/home/ubuntu/robot-ros/install/robot_ros' for CMake module files
[5.664s] Level 1:colcon.colcon_core.environment:checking '/home/ubuntu/robot-ros/install/robot_ros' for CMake config files
[5.676s] Level 1:colcon.colcon_core.environment:checking '/home/ubuntu/robot-ros/install/robot_ros/lib'
[5.678s] Level 1:colcon.colcon_core.environment:checking '/home/ubuntu/robot-ros/install/robot_ros/bin'
[5.679s] Level 1:colcon.colcon_core.environment:checking '/home/ubuntu/robot-ros/install/robot_ros/lib/pkgconfig/robot_ros.pc'
[5.680s] Level 1:colcon.colcon_core.environment:checking '/home/ubuntu/robot-ros/install/robot_ros/lib/python3.8/site-packages'
[5.681s] Level 1:colcon.colcon_core.shell:create_environment_hook('robot_ros', 'pythonpath')
[5.693s] INFO:colcon.colcon_core.shell:Creating environment hook '/home/ubuntu/robot-ros/install/robot_ros/share/robot_ros/hook/pythonpath.ps1'
[5.697s] INFO:colcon.colcon_core.shell:Creating environment descriptor '/home/ubuntu/robot-ros/install/robot_ros/share/robot_ros/hook/pythonpath.dsv'
[5.699s] INFO:colcon.colcon_core.shell:Creating environment hook '/home/ubuntu/robot-ros/install/robot_ros/share/robot_ros/hook/pythonpath.sh'
[5.702s] Level 1:colcon.colcon_core.environment:checking '/home/ubuntu/robot-ros/install/robot_ros/bin'
[5.702s] Level 1:colcon.colcon_core.environment:create_environment_scripts_only(robot_ros)
[5.709s] INFO:colcon.colcon_core.shell:Creating package script '/home/ubuntu/robot-ros/install/robot_ros/share/robot_ros/package.ps1'
[5.714s] INFO:colcon.colcon_core.shell:Creating package descriptor '/home/ubuntu/robot-ros/install/robot_ros/share/robot_ros/package.dsv'
[5.721s] INFO:colcon.colcon_core.shell:Creating package script '/home/ubuntu/robot-ros/install/robot_ros/share/robot_ros/package.sh'
[5.725s] INFO:colcon.colcon_core.shell:Creating package script '/home/ubuntu/robot-ros/install/robot_ros/share/robot_ros/package.bash'
[5.729s] INFO:colcon.colcon_core.shell:Creating package script '/home/ubuntu/robot-ros/install/robot_ros/share/robot_ros/package.zsh'
[5.732s] Level 1:colcon.colcon_core.environment:create_file_with_runtime_dependencies(/home/ubuntu/robot-ros/install/robot_ros/share/colcon-core/packages/robot_ros)
[5.734s] DEBUG:colcon.colcon_parallel_executor.executor.parallel:closing loop
[5.735s] DEBUG:colcon.colcon_parallel_executor.executor.parallel:loop closed
[5.736s] DEBUG:colcon.colcon_parallel_executor.executor.parallel:run_until_complete finished with '0'
[5.736s] DEBUG:colcon.colcon_core.event_reactor:joining thread
[5.774s] INFO:colcon.colcon_core.plugin_system:Skipping extension 'colcon_notification.desktop_notification.terminal_notifier': Not used on non-Darwin systems
[5.775s] INFO:colcon.colcon_core.plugin_system:Skipping extension 'colcon_notification.desktop_notification.win32': Not used on non-Windows systems
[5.777s] INFO:colcon.colcon_notification.desktop_notification:Sending desktop notification using 'notify2'
[5.862s] DEBUG:colcon.colcon_core.event_reactor:joined thread
[5.869s] INFO:colcon.colcon_core.shell:Creating prefix script '/home/ubuntu/robot-ros/install/local_setup.ps1'
[5.873s] INFO:colcon.colcon_core.shell:Creating prefix util module '/home/ubuntu/robot-ros/install/_local_setup_util_ps1.py'
[5.879s] INFO:colcon.colcon_core.shell:Creating prefix chain script '/home/ubuntu/robot-ros/install/setup.ps1'
[5.886s] INFO:colcon.colcon_core.shell:Creating prefix script '/home/ubuntu/robot-ros/install/local_setup.sh'
[5.888s] INFO:colcon.colcon_core.shell:Creating prefix util module '/home/ubuntu/robot-ros/install/_local_setup_util_sh.py'
[5.891s] INFO:colcon.colcon_core.shell:Creating prefix chain script '/home/ubuntu/robot-ros/install/setup.sh'
[5.898s] INFO:colcon.colcon_core.shell:Creating prefix script '/home/ubuntu/robot-ros/install/local_setup.bash'
[5.900s] INFO:colcon.colcon_core.shell:Creating prefix chain script '/home/ubuntu/robot-ros/install/setup.bash'
[5.907s] INFO:colcon.colcon_core.shell:Creating prefix script '/home/ubuntu/robot-ros/install/local_setup.zsh'
[5.909s] INFO:colcon.colcon_core.shell:Creating prefix chain script '/home/ubuntu/robot-ros/install/setup.zsh'
