[0.742s] Invoking command in '/home/rosario/robot-ros': PYTHONPATH=/home/rosario/robot-ros/build/robot_ros/prefix_override:/home/rosario/robot-ros/install/robot_ros/lib/python3.8/site-packages:${PYTHONPATH} /usr/bin/python3 setup.py egg_info --egg-base build/robot_ros build --build-base /home/rosario/robot-ros/build/robot_ros/build install --record /home/rosario/robot-ros/build/robot_ros/install.log --install-scripts $base/lib/robot_ros --single-version-externally-managed
[0.982s] running egg_info
[0.983s] writing build/robot_ros/robot_ros.egg-info/PKG-INFO
[0.983s] writing dependency_links to build/robot_ros/robot_ros.egg-info/dependency_links.txt
[0.983s] writing entry points to build/robot_ros/robot_ros.egg-info/entry_points.txt
[0.983s] writing requirements to build/robot_ros/robot_ros.egg-info/requires.txt
[0.983s] writing top-level names to build/robot_ros/robot_ros.egg-info/top_level.txt
[1.017s] reading manifest file 'build/robot_ros/robot_ros.egg-info/SOURCES.txt'
[1.018s] writing manifest file 'build/robot_ros/robot_ros.egg-info/SOURCES.txt'
[1.018s] running build
[1.018s] running build_py
[1.018s] running install
[1.019s] running install_lib
[1.021s] running install_data
[1.022s] running install_egg_info
[1.024s] removing '/home/rosario/robot-ros/install/robot_ros/lib/python3.8/site-packages/robot_ros-0.0.0-py3.8.egg-info' (and everything under it)
[1.024s] Copying build/robot_ros/robot_ros.egg-info to /home/rosario/robot-ros/install/robot_ros/lib/python3.8/site-packages/robot_ros-0.0.0-py3.8.egg-info
[1.025s] running install_scripts
[1.042s] Installing nav_behaviour_tree script to /home/rosario/robot-ros/install/robot_ros/lib/robot_ros
[1.043s] writing list of installed files to '/home/rosario/robot-ros/build/robot_ros/install.log'
[1.066s] Invoked command in '/home/rosario/robot-ros' returned '0': PYTHONPATH=/home/rosario/robot-ros/build/robot_ros/prefix_override:/home/rosario/robot-ros/install/robot_ros/lib/python3.8/site-packages:${PYTHONPATH} /usr/bin/python3 setup.py egg_info --egg-base build/robot_ros build --build-base /home/rosario/robot-ros/build/robot_ros/build install --record /home/rosario/robot-ros/build/robot_ros/install.log --install-scripts $base/lib/robot_ros --single-version-externally-managed
