[2.775s] Invoking command in '/home/ubuntu/robot-ros': PYTHONPATH=/home/ubuntu/robot-ros/build/robot_ros/prefix_override:/home/ubuntu/robot-ros/install/robot_ros/lib/python3.8/site-packages:${PYTHONPATH} /usr/bin/python3 setup.py egg_info --egg-base build/robot_ros build --build-base /home/ubuntu/robot-ros/build/robot_ros/build install --record /home/ubuntu/robot-ros/build/robot_ros/install.log --install-scripts $base/lib/robot_ros --single-version-externally-managed
[3.786s] running egg_info
[3.789s] writing build/robot_ros/robot_ros.egg-info/PKG-INFO
[3.790s] writing dependency_links to build/robot_ros/robot_ros.egg-info/dependency_links.txt
[3.791s] writing entry points to build/robot_ros/robot_ros.egg-info/entry_points.txt
[3.791s] writing requirements to build/robot_ros/robot_ros.egg-info/requires.txt
[3.792s] writing top-level names to build/robot_ros/robot_ros.egg-info/top_level.txt
[3.941s] reading manifest file 'build/robot_ros/robot_ros.egg-info/SOURCES.txt'
[3.946s] writing manifest file 'build/robot_ros/robot_ros.egg-info/SOURCES.txt'
[3.947s] running build
[3.947s] running build_py
[3.950s] running install
[3.953s] running install_lib
[3.961s] running install_data
[3.968s] running install_egg_info
[3.974s] removing '/home/ubuntu/robot-ros/install/robot_ros/lib/python3.8/site-packages/robot_ros-0.0.0-py3.8.egg-info' (and everything under it)
[3.976s] Copying build/robot_ros/robot_ros.egg-info to /home/ubuntu/robot-ros/install/robot_ros/lib/python3.8/site-packages/robot_ros-0.0.0-py3.8.egg-info
[3.981s] running install_scripts
[4.056s] Installing cmdVel_to_pwm_node script to /home/ubuntu/robot-ros/install/robot_ros/lib/robot_ros
[4.057s] Installing nav_behaviour_tree script to /home/ubuntu/robot-ros/install/robot_ros/lib/robot_ros
[4.058s] Installing talker script to /home/ubuntu/robot-ros/install/robot_ros/lib/robot_ros
[4.061s] writing list of installed files to '/home/ubuntu/robot-ros/build/robot_ros/install.log'
[4.166s] Invoked command in '/home/ubuntu/robot-ros' returned '0': PYTHONPATH=/home/ubuntu/robot-ros/build/robot_ros/prefix_override:/home/ubuntu/robot-ros/install/robot_ros/lib/python3.8/site-packages:${PYTHONPATH} /usr/bin/python3 setup.py egg_info --egg-base build/robot_ros build --build-base /home/ubuntu/robot-ros/build/robot_ros/build install --record /home/ubuntu/robot-ros/build/robot_ros/install.log --install-scripts $base/lib/robot_ros --single-version-externally-managed
