[7.223s] Invoking command in '/home/rosario/robot-ros': PYTHONPATH=/home/rosario/robot-ros/build/robot_ros/prefix_override:/home/rosario/robot-ros/install/robot_ros/lib/python3.8/site-packages:${PYTHONPATH} /usr/bin/python3 setup.py egg_info --egg-base build/robot_ros build --build-base /home/rosario/robot-ros/build/robot_ros/build install --record /home/rosario/robot-ros/build/robot_ros/install.log --install-scripts $base/lib/robot_ros --single-version-externally-managed
[9.389s] running egg_info
[9.393s] writing build/robot_ros/robot_ros.egg-info/PKG-INFO
[9.393s] writing dependency_links to build/robot_ros/robot_ros.egg-info/dependency_links.txt
[9.394s] writing entry points to build/robot_ros/robot_ros.egg-info/entry_points.txt
[9.394s] writing requirements to build/robot_ros/robot_ros.egg-info/requires.txt
[9.394s] writing top-level names to build/robot_ros/robot_ros.egg-info/top_level.txt
[9.685s] reading manifest file 'build/robot_ros/robot_ros.egg-info/SOURCES.txt'
[9.703s] writing manifest file 'build/robot_ros/robot_ros.egg-info/SOURCES.txt'
[9.707s] running build
[9.710s] running build_py
[9.711s] running install
[9.716s] running install_lib
[9.731s] running install_data
[9.735s] copying launch/test_mobile_robot_1.launch.py -> /home/rosario/robot-ros/install/robot_ros/share/robot_ros/launch
[9.736s] copying launch/test_mobile_robot_0.launch.py -> /home/rosario/robot-ros/install/robot_ros/share/robot_ros/launch
[9.736s] running install_egg_info
[9.761s] removing '/home/rosario/robot-ros/install/robot_ros/lib/python3.8/site-packages/robot_ros-0.0.0-py3.8.egg-info' (and everything under it)
[9.765s] Copying build/robot_ros/robot_ros.egg-info to /home/rosario/robot-ros/install/robot_ros/lib/python3.8/site-packages/robot_ros-0.0.0-py3.8.egg-info
[9.785s] running install_scripts
[9.941s] Installing nav_behaviour_tree script to /home/rosario/robot-ros/install/robot_ros/lib/robot_ros
[9.947s] writing list of installed files to '/home/rosario/robot-ros/build/robot_ros/install.log'
[10.135s] Invoked command in '/home/rosario/robot-ros' returned '0': PYTHONPATH=/home/rosario/robot-ros/build/robot_ros/prefix_override:/home/rosario/robot-ros/install/robot_ros/lib/python3.8/site-packages:${PYTHONPATH} /usr/bin/python3 setup.py egg_info --egg-base build/robot_ros build --build-base /home/rosario/robot-ros/build/robot_ros/build install --record /home/rosario/robot-ros/build/robot_ros/install.log --install-scripts $base/lib/robot_ros --single-version-externally-managed
