[3.824s] DEBUG:colcon:Command line arguments: ['/usr/bin/colcon', 'build']
[3.826s] DEBUG:colcon:Parsed command line arguments: Namespace(allow_overriding=[], ament_cmake_args=None, base_paths=['.'], build_base='build', catkin_cmake_args=None, catkin_skip_building_tests=False, cmake_args=None, cmake_clean_cache=False, cmake_clean_first=False, cmake_force_configure=False, cmake_target=None, cmake_target_skip_unavailable=False, continue_on_error=False, event_handlers=None, executor='parallel', ignore_user_meta=False, install_base='install', log_base=None, log_level=None, main=<bound method BuildVerb.main of <colcon_core.verb.build.BuildVerb object at 0x7f319cc3e880>>, merge_install=False, metas=['./colcon.meta'], packages_above=None, packages_above_and_dependencies=None, packages_above_depth=None, packages_end=None, packages_ignore=None, packages_ignore_regex=None, packages_select=None, packages_select_build_failed=False, packages_select_by_dep=None, packages_select_regex=None, packages_select_test_failures=False, packages_skip=None, packages_skip_build_finished=False, packages_skip_by_dep=None, packages_skip_regex=None, packages_skip_test_passed=False, packages_skip_up_to=None, packages_start=None, packages_up_to=None, packages_up_to_regex=None, parallel_workers=4, paths=None, symlink_install=False, test_result_base=None, verb_extension=<colcon_core.verb.build.BuildVerb object at 0x7f319cc3e880>, verb_name='build', verb_parser=<colcon_defaults.argument_parser.defaults.DefaultArgumentsDecorator object at 0x7f319cc3edf0>)
[4.144s] Level 1:colcon.colcon_core.package_discovery:discover_packages(colcon_meta) check parameters
[4.146s] Level 1:colcon.colcon_core.package_discovery:discover_packages(recursive) check parameters
[4.147s] Level 1:colcon.colcon_core.package_discovery:discover_packages(ignore) check parameters
[4.149s] Level 1:colcon.colcon_core.package_discovery:discover_packages(path) check parameters
[4.150s] Level 1:colcon.colcon_core.package_discovery:discover_packages(colcon_meta) discover
[4.151s] Level 1:colcon.colcon_core.package_discovery:discover_packages(recursive) discover
[4.153s] INFO:colcon.colcon_core.package_discovery:Crawling recursively for packages in '/home/rosario/robot-ros'
[4.155s] Level 1:colcon.colcon_core.package_identification:_identify(.) by extensions ['ignore', 'ignore_ament_install']
[4.156s] Level 1:colcon.colcon_core.package_identification:_identify(.) by extension 'ignore'
[4.157s] Level 1:colcon.colcon_core.package_identification:_identify(.) by extension 'ignore_ament_install'
[4.159s] Level 1:colcon.colcon_core.package_identification:_identify(.) by extensions ['colcon_pkg']
[4.160s] Level 1:colcon.colcon_core.package_identification:_identify(.) by extension 'colcon_pkg'
[4.162s] Level 1:colcon.colcon_core.package_identification:_identify(.) by extensions ['colcon_meta']
[4.163s] Level 1:colcon.colcon_core.package_identification:_identify(.) by extension 'colcon_meta'
[4.165s] Level 1:colcon.colcon_core.package_identification:_identify(.) by extensions ['ros']
[4.166s] Level 1:colcon.colcon_core.package_identification:_identify(.) by extension 'ros'
[4.370s] DEBUG:colcon.colcon_core.package_identification:Package '.' with type 'ros.ament_python' and name 'robot_ros'
[4.371s] Level 1:colcon.colcon_core.package_discovery:discover_packages(recursive) using defaults
[4.371s] Level 1:colcon.colcon_core.package_discovery:discover_packages(ignore) discover
[4.371s] Level 1:colcon.colcon_core.package_discovery:discover_packages(ignore) using defaults
[4.371s] Level 1:colcon.colcon_core.package_discovery:discover_packages(path) discover
[4.371s] Level 1:colcon.colcon_core.package_discovery:discover_packages(path) using defaults
[4.567s] Level 1:colcon.colcon_core.package_discovery:discover_packages(prefix_path) check parameters
[4.567s] Level 1:colcon.colcon_core.package_discovery:discover_packages(prefix_path) discover
[4.636s] DEBUG:colcon.colcon_installed_package_information.package_discovery:Found 1 installed packages in /home/rosario/robot-ros/install
[4.667s] DEBUG:colcon.colcon_installed_package_information.package_discovery:Found 4 installed packages in /home/rosario/robot-development/install
[4.714s] DEBUG:colcon.colcon_installed_package_information.package_discovery:Found 311 installed packages in /home/rosario/ros2_foxy/ros2-linux
[4.744s] DEBUG:colcon.colcon_installed_package_information.package_discovery:Found 176 installed packages in /opt/ros/foxy
[4.828s] Level 1:colcon.colcon_core.package_discovery:discover_packages(prefix_path) using defaults
[5.435s] Level 5:colcon.colcon_core.verb:set package 'robot_ros' build argument 'cmake_args' from command line to 'None'
[5.435s] Level 5:colcon.colcon_core.verb:set package 'robot_ros' build argument 'cmake_target' from command line to 'None'
[5.436s] Level 5:colcon.colcon_core.verb:set package 'robot_ros' build argument 'cmake_target_skip_unavailable' from command line to 'False'
[5.438s] Level 5:colcon.colcon_core.verb:set package 'robot_ros' build argument 'cmake_clean_cache' from command line to 'False'
[5.439s] Level 5:colcon.colcon_core.verb:set package 'robot_ros' build argument 'cmake_clean_first' from command line to 'False'
[5.440s] Level 5:colcon.colcon_core.verb:set package 'robot_ros' build argument 'cmake_force_configure' from command line to 'False'
[5.441s] Level 5:colcon.colcon_core.verb:set package 'robot_ros' build argument 'ament_cmake_args' from command line to 'None'
[5.442s] Level 5:colcon.colcon_core.verb:set package 'robot_ros' build argument 'catkin_cmake_args' from command line to 'None'
[5.443s] Level 5:colcon.colcon_core.verb:set package 'robot_ros' build argument 'catkin_skip_building_tests' from command line to 'False'
[5.444s] DEBUG:colcon.colcon_core.verb:Building package 'robot_ros' with the following arguments: {'ament_cmake_args': None, 'build_base': '/home/rosario/robot-ros/build/robot_ros', 'catkin_cmake_args': None, 'catkin_skip_building_tests': False, 'cmake_args': None, 'cmake_clean_cache': False, 'cmake_clean_first': False, 'cmake_force_configure': False, 'cmake_target': None, 'cmake_target_skip_unavailable': False, 'install_base': '/home/rosario/robot-ros/install/robot_ros', 'merge_install': False, 'path': '/home/rosario/robot-ros', 'symlink_install': False, 'test_result_base': None}
[5.452s] INFO:colcon.colcon_core.executor:Executing jobs using 'parallel' executor
[5.494s] DEBUG:colcon.colcon_parallel_executor.executor.parallel:run_until_complete
[5.495s] INFO:colcon.colcon_ros.task.ament_python.build:Building ROS package in '/home/rosario/robot-ros' with build type 'ament_python'
[5.498s] Level 1:colcon.colcon_core.shell:create_environment_hook('robot_ros', 'ament_prefix_path')
[5.555s] INFO:colcon.colcon_core.plugin_system:Skipping extension 'colcon_core.shell.bat': Not used on non-Windows systems
[5.560s] INFO:colcon.colcon_core.shell:Creating environment hook '/home/rosario/robot-ros/install/robot_ros/share/robot_ros/hook/ament_prefix_path.ps1'
[5.567s] INFO:colcon.colcon_core.shell:Creating environment descriptor '/home/rosario/robot-ros/install/robot_ros/share/robot_ros/hook/ament_prefix_path.dsv'
[5.573s] INFO:colcon.colcon_core.shell:Creating environment hook '/home/rosario/robot-ros/install/robot_ros/share/robot_ros/hook/ament_prefix_path.sh'
[5.600s] INFO:colcon.colcon_core.shell:Skip shell extension 'powershell' for command environment: Not usable outside of PowerShell
[5.600s] DEBUG:colcon.colcon_core.shell:Skip shell extension 'dsv' for command environment
[8.935s] WARNING:colcon.colcon_ros.task.ament_python.build:Package 'robot_ros' doesn't explicitly install a marker in the package index (colcon-ros currently does it implicitly but that fallback will be removed in the future)
[8.941s] INFO:colcon.colcon_core.task.python.build:Building Python package in '/home/rosario/robot-ros'
[8.964s] INFO:colcon.colcon_core.shell:Skip shell extension 'powershell' for command environment: Not usable outside of PowerShell
[8.966s] DEBUG:colcon.colcon_core.shell:Skip shell extension 'dsv' for command environment
[13.372s] DEBUG:colcon.colcon_core.event_handler.log_command:Invoking command in '/home/rosario/robot-ros': PYTHONPATH=/home/rosario/robot-ros/build/robot_ros/prefix_override:/home/rosario/robot-ros/install/robot_ros/lib/python3.8/site-packages:${PYTHONPATH} /usr/bin/python3 setup.py egg_info --egg-base build/robot_ros build --build-base /home/rosario/robot-ros/build/robot_ros/build install --record /home/rosario/robot-ros/build/robot_ros/install.log --install-scripts $base/lib/robot_ros --single-version-externally-managed
[17.156s] DEBUG:colcon.colcon_core.event_handler.log_command:Invoked command in '/home/rosario/robot-ros' returned '0': PYTHONPATH=/home/rosario/robot-ros/build/robot_ros/prefix_override:/home/rosario/robot-ros/install/robot_ros/lib/python3.8/site-packages:${PYTHONPATH} /usr/bin/python3 setup.py egg_info --egg-base build/robot_ros build --build-base /home/rosario/robot-ros/build/robot_ros/build install --record /home/rosario/robot-ros/build/robot_ros/install.log --install-scripts $base/lib/robot_ros --single-version-externally-managed
[17.264s] Level 1:colcon.colcon_core.environment:checking '/home/rosario/robot-ros/install/robot_ros' for CMake module files
[17.282s] Level 1:colcon.colcon_core.environment:checking '/home/rosario/robot-ros/install/robot_ros' for CMake config files
[17.284s] Level 1:colcon.colcon_core.environment:checking '/home/rosario/robot-ros/install/robot_ros/lib'
[17.284s] Level 1:colcon.colcon_core.environment:checking '/home/rosario/robot-ros/install/robot_ros/bin'
[17.284s] Level 1:colcon.colcon_core.environment:checking '/home/rosario/robot-ros/install/robot_ros/lib/pkgconfig/robot_ros.pc'
[17.285s] Level 1:colcon.colcon_core.environment:checking '/home/rosario/robot-ros/install/robot_ros/lib/python3.8/site-packages'
[17.286s] Level 1:colcon.colcon_core.shell:create_environment_hook('robot_ros', 'pythonpath')
[17.298s] INFO:colcon.colcon_core.shell:Creating environment hook '/home/rosario/robot-ros/install/robot_ros/share/robot_ros/hook/pythonpath.ps1'
[17.299s] INFO:colcon.colcon_core.shell:Creating environment descriptor '/home/rosario/robot-ros/install/robot_ros/share/robot_ros/hook/pythonpath.dsv'
[17.300s] INFO:colcon.colcon_core.shell:Creating environment hook '/home/rosario/robot-ros/install/robot_ros/share/robot_ros/hook/pythonpath.sh'
[17.301s] Level 1:colcon.colcon_core.environment:checking '/home/rosario/robot-ros/install/robot_ros/bin'
[17.304s] Level 1:colcon.colcon_core.environment:create_environment_scripts_only(robot_ros)
[17.324s] INFO:colcon.colcon_core.shell:Creating package script '/home/rosario/robot-ros/install/robot_ros/share/robot_ros/package.ps1'
[17.326s] INFO:colcon.colcon_core.shell:Creating package descriptor '/home/rosario/robot-ros/install/robot_ros/share/robot_ros/package.dsv'
[17.333s] INFO:colcon.colcon_core.shell:Creating package script '/home/rosario/robot-ros/install/robot_ros/share/robot_ros/package.sh'
[17.344s] INFO:colcon.colcon_core.shell:Creating package script '/home/rosario/robot-ros/install/robot_ros/share/robot_ros/package.bash'
[17.352s] INFO:colcon.colcon_core.shell:Creating package script '/home/rosario/robot-ros/install/robot_ros/share/robot_ros/package.zsh'
[17.360s] Level 1:colcon.colcon_core.environment:create_file_with_runtime_dependencies(/home/rosario/robot-ros/install/robot_ros/share/colcon-core/packages/robot_ros)
[17.363s] DEBUG:colcon.colcon_parallel_executor.executor.parallel:closing loop
[17.364s] DEBUG:colcon.colcon_parallel_executor.executor.parallel:loop closed
[17.364s] DEBUG:colcon.colcon_parallel_executor.executor.parallel:run_until_complete finished with '0'
[17.364s] DEBUG:colcon.colcon_core.event_reactor:joining thread
[17.402s] INFO:colcon.colcon_core.plugin_system:Skipping extension 'colcon_notification.desktop_notification.terminal_notifier': Not used on non-Darwin systems
[17.405s] INFO:colcon.colcon_core.plugin_system:Skipping extension 'colcon_notification.desktop_notification.win32': Not used on non-Windows systems
[17.407s] INFO:colcon.colcon_notification.desktop_notification:Sending desktop notification using 'notify2'
[17.546s] DEBUG:colcon.colcon_core.event_reactor:joined thread
[17.566s] INFO:colcon.colcon_core.shell:Creating prefix script '/home/rosario/robot-ros/install/local_setup.ps1'
[17.591s] INFO:colcon.colcon_core.shell:Creating prefix util module '/home/rosario/robot-ros/install/_local_setup_util_ps1.py'
[17.595s] INFO:colcon.colcon_core.shell:Creating prefix chain script '/home/rosario/robot-ros/install/setup.ps1'
[17.631s] INFO:colcon.colcon_core.shell:Creating prefix script '/home/rosario/robot-ros/install/local_setup.sh'
[17.634s] INFO:colcon.colcon_core.shell:Creating prefix util module '/home/rosario/robot-ros/install/_local_setup_util_sh.py'
[17.640s] INFO:colcon.colcon_core.shell:Creating prefix chain script '/home/rosario/robot-ros/install/setup.sh'
[17.659s] INFO:colcon.colcon_core.shell:Creating prefix script '/home/rosario/robot-ros/install/local_setup.bash'
[17.666s] INFO:colcon.colcon_core.shell:Creating prefix chain script '/home/rosario/robot-ros/install/setup.bash'
[17.674s] INFO:colcon.colcon_core.shell:Creating prefix script '/home/rosario/robot-ros/install/local_setup.zsh'
[17.679s] INFO:colcon.colcon_core.shell:Creating prefix chain script '/home/rosario/robot-ros/install/setup.zsh'
