[0.655s] Invoking command in '/home/rosario/robot-ros': PYTHONPATH=/home/rosario/robot-ros/build/robot_ros/prefix_override:/home/rosario/robot-ros/install/robot_ros/lib/python3.8/site-packages:${PYTHONPATH} /usr/bin/python3 setup.py egg_info --egg-base build/robot_ros build --build-base /home/rosario/robot-ros/build/robot_ros/build install --record /home/rosario/robot-ros/build/robot_ros/install.log --install-scripts $base/lib/robot_ros --single-version-externally-managed
[0.874s] running egg_info
[0.875s] writing build/robot_ros/robot_ros.egg-info/PKG-INFO
[0.875s] writing dependency_links to build/robot_ros/robot_ros.egg-info/dependency_links.txt
[0.876s] writing entry points to build/robot_ros/robot_ros.egg-info/entry_points.txt
[0.876s] writing requirements to build/robot_ros/robot_ros.egg-info/requires.txt
[0.876s] writing top-level names to build/robot_ros/robot_ros.egg-info/top_level.txt
[0.910s] reading manifest file 'build/robot_ros/robot_ros.egg-info/SOURCES.txt'
[0.911s] writing manifest file 'build/robot_ros/robot_ros.egg-info/SOURCES.txt'
[0.912s] running build
[0.912s] running build_py
[0.912s] running install
[0.913s] running install_lib
[0.915s] running install_data
[0.916s] running install_egg_info
[0.918s] removing '/home/rosario/robot-ros/install/robot_ros/lib/python3.8/site-packages/robot_ros-0.0.0-py3.8.egg-info' (and everything under it)
[0.918s] Copying build/robot_ros/robot_ros.egg-info to /home/rosario/robot-ros/install/robot_ros/lib/python3.8/site-packages/robot_ros-0.0.0-py3.8.egg-info
[0.919s] running install_scripts
[0.937s] Installing nav_behaviour_tree script to /home/rosario/robot-ros/install/robot_ros/lib/robot_ros
[0.937s] writing list of installed files to '/home/rosario/robot-ros/build/robot_ros/install.log'
[0.961s] Invoked command in '/home/rosario/robot-ros' returned '0': PYTHONPATH=/home/rosario/robot-ros/build/robot_ros/prefix_override:/home/rosario/robot-ros/install/robot_ros/lib/python3.8/site-packages:${PYTHONPATH} /usr/bin/python3 setup.py egg_info --egg-base build/robot_ros build --build-base /home/rosario/robot-ros/build/robot_ros/build install --record /home/rosario/robot-ros/build/robot_ros/install.log --install-scripts $base/lib/robot_ros --single-version-externally-managed
