[2.840s] Invoking command in '/home/ubuntu/robot-ros': PYTHONPATH=/home/ubuntu/robot-ros/build/robot_ros/prefix_override:/home/ubuntu/robot-ros/install/robot_ros/lib/python3.8/site-packages:${PYTHONPATH} /usr/bin/python3 setup.py egg_info --egg-base build/robot_ros build --build-base /home/ubuntu/robot-ros/build/robot_ros/build install --record /home/ubuntu/robot-ros/build/robot_ros/install.log --install-scripts $base/lib/robot_ros --single-version-externally-managed
[3.801s] running egg_info
[3.803s] writing build/robot_ros/robot_ros.egg-info/PKG-INFO
[3.804s] writing dependency_links to build/robot_ros/robot_ros.egg-info/dependency_links.txt
[3.805s] writing entry points to build/robot_ros/robot_ros.egg-info/entry_points.txt
[3.805s] writing requirements to build/robot_ros/robot_ros.egg-info/requires.txt
[3.806s] writing top-level names to build/robot_ros/robot_ros.egg-info/top_level.txt
[3.953s] reading manifest file 'build/robot_ros/robot_ros.egg-info/SOURCES.txt'
[3.959s] writing manifest file 'build/robot_ros/robot_ros.egg-info/SOURCES.txt'
[3.960s] running build
[3.961s] running build_py
[3.963s] running install
[3.966s] running install_lib
[3.980s] running install_data
[3.987s] running install_egg_info
[3.996s] removing '/home/ubuntu/robot-ros/install/robot_ros/lib/python3.8/site-packages/robot_ros-0.0.0-py3.8.egg-info' (and everything under it)
[3.998s] Copying build/robot_ros/robot_ros.egg-info to /home/ubuntu/robot-ros/install/robot_ros/lib/python3.8/site-packages/robot_ros-0.0.0-py3.8.egg-info
[4.005s] running install_scripts
[4.096s] Installing cmdVel_to_pwm_node script to /home/ubuntu/robot-ros/install/robot_ros/lib/robot_ros
[4.097s] Installing nav_behaviour_tree script to /home/ubuntu/robot-ros/install/robot_ros/lib/robot_ros
[4.098s] Installing talker script to /home/ubuntu/robot-ros/install/robot_ros/lib/robot_ros
[4.101s] writing list of installed files to '/home/ubuntu/robot-ros/build/robot_ros/install.log'
[4.217s] Invoked command in '/home/ubuntu/robot-ros' returned '0': PYTHONPATH=/home/ubuntu/robot-ros/build/robot_ros/prefix_override:/home/ubuntu/robot-ros/install/robot_ros/lib/python3.8/site-packages:${PYTHONPATH} /usr/bin/python3 setup.py egg_info --egg-base build/robot_ros build --build-base /home/ubuntu/robot-ros/build/robot_ros/build install --record /home/ubuntu/robot-ros/build/robot_ros/install.log --install-scripts $base/lib/robot_ros --single-version-externally-managed
