[2.431s] Invoking command in '/home/ubuntu/robot-ros': PYTHONPATH=/home/ubuntu/robot-ros/build/robot_ros/prefix_override:/home/ubuntu/robot-ros/install/robot_ros/lib/python3.8/site-packages:${PYTHONPATH} /usr/bin/python3 setup.py egg_info --egg-base build/robot_ros build --build-base /home/ubuntu/robot-ros/build/robot_ros/build install --record /home/ubuntu/robot-ros/build/robot_ros/install.log --install-scripts $base/lib/robot_ros --single-version-externally-managed
[3.212s] running egg_info
[3.214s] writing build/robot_ros/robot_ros.egg-info/PKG-INFO
[3.215s] writing dependency_links to build/robot_ros/robot_ros.egg-info/dependency_links.txt
[3.216s] writing entry points to build/robot_ros/robot_ros.egg-info/entry_points.txt
[3.217s] writing requirements to build/robot_ros/robot_ros.egg-info/requires.txt
[3.217s] writing top-level names to build/robot_ros/robot_ros.egg-info/top_level.txt
[3.360s] reading manifest file 'build/robot_ros/robot_ros.egg-info/SOURCES.txt'
[3.365s] writing manifest file 'build/robot_ros/robot_ros.egg-info/SOURCES.txt'
[3.366s] running build
[3.366s] running build_py
[3.370s] running install
[3.373s] running install_lib
[3.382s] running install_data
[3.384s] copying launch/launch_robot.launch.py -> /home/ubuntu/robot-ros/install/robot_ros/share/robot_ros/launch
[3.392s] running install_egg_info
[3.398s] removing '/home/ubuntu/robot-ros/install/robot_ros/lib/python3.8/site-packages/robot_ros-0.0.0-py3.8.egg-info' (and everything under it)
[3.400s] Copying build/robot_ros/robot_ros.egg-info to /home/ubuntu/robot-ros/install/robot_ros/lib/python3.8/site-packages/robot_ros-0.0.0-py3.8.egg-info
[3.405s] running install_scripts
[3.467s] Installing cmdVel_to_pwm_node script to /home/ubuntu/robot-ros/install/robot_ros/lib/robot_ros
[3.468s] Installing nav_behaviour_tree script to /home/ubuntu/robot-ros/install/robot_ros/lib/robot_ros
[3.469s] Installing talker script to /home/ubuntu/robot-ros/install/robot_ros/lib/robot_ros
[3.471s] writing list of installed files to '/home/ubuntu/robot-ros/build/robot_ros/install.log'
[3.566s] Invoked command in '/home/ubuntu/robot-ros' returned '0': PYTHONPATH=/home/ubuntu/robot-ros/build/robot_ros/prefix_override:/home/ubuntu/robot-ros/install/robot_ros/lib/python3.8/site-packages:${PYTHONPATH} /usr/bin/python3 setup.py egg_info --egg-base build/robot_ros build --build-base /home/ubuntu/robot-ros/build/robot_ros/build install --record /home/ubuntu/robot-ros/build/robot_ros/install.log --install-scripts $base/lib/robot_ros --single-version-externally-managed
