[3.445s] Invoking command in '/home/ubuntu/robot-ros': PYTHONPATH=/home/ubuntu/robot-ros/build/robot_ros/prefix_override:/home/ubuntu/robot-ros/install/robot_ros/lib/python3.8/site-packages:${PYTHONPATH} /usr/bin/python3 setup.py egg_info --egg-base build/robot_ros build --build-base /home/ubuntu/robot-ros/build/robot_ros/build install --record /home/ubuntu/robot-ros/build/robot_ros/install.log --install-scripts $base/lib/robot_ros --single-version-externally-managed
[4.353s] running egg_info
[4.356s] writing build/robot_ros/robot_ros.egg-info/PKG-INFO
[4.360s] writing dependency_links to build/robot_ros/robot_ros.egg-info/dependency_links.txt
[4.361s] writing entry points to build/robot_ros/robot_ros.egg-info/entry_points.txt
[4.362s] writing requirements to build/robot_ros/robot_ros.egg-info/requires.txt
[4.362s] writing top-level names to build/robot_ros/robot_ros.egg-info/top_level.txt
[4.503s] reading manifest file 'build/robot_ros/robot_ros.egg-info/SOURCES.txt'
[4.509s] writing manifest file 'build/robot_ros/robot_ros.egg-info/SOURCES.txt'
[4.509s] running build
[4.510s] running build_py
[4.511s] running install
[4.514s] running install_lib
[4.519s] running install_data
[4.525s] running install_egg_info
[4.531s] removing '/home/ubuntu/robot-ros/install/robot_ros/lib/python3.8/site-packages/robot_ros-0.0.0-py3.8.egg-info' (and everything under it)
[4.533s] Copying build/robot_ros/robot_ros.egg-info to /home/ubuntu/robot-ros/install/robot_ros/lib/python3.8/site-packages/robot_ros-0.0.0-py3.8.egg-info
[4.537s] running install_scripts
[4.606s] Installing nav_behaviour_tree script to /home/ubuntu/robot-ros/install/robot_ros/lib/robot_ros
[4.607s] writing list of installed files to '/home/ubuntu/robot-ros/build/robot_ros/install.log'
[4.710s] Invoked command in '/home/ubuntu/robot-ros' returned '0': PYTHONPATH=/home/ubuntu/robot-ros/build/robot_ros/prefix_override:/home/ubuntu/robot-ros/install/robot_ros/lib/python3.8/site-packages:${PYTHONPATH} /usr/bin/python3 setup.py egg_info --egg-base build/robot_ros build --build-base /home/ubuntu/robot-ros/build/robot_ros/build install --record /home/ubuntu/robot-ros/build/robot_ros/install.log --install-scripts $base/lib/robot_ros --single-version-externally-managed
