/home/rosario/robot-ros/install/robot_ros/lib/python3.8/site-packages/robot_ros/__init__.py
/home/rosario/robot-ros/install/robot_ros/lib/python3.8/site-packages/robot_ros/navbehaviourtree.py
/home/rosario/robot-ros/install/robot_ros/lib/python3.8/site-packages/robot_ros/__pycache__/__init__.cpython-38.pyc
/home/rosario/robot-ros/install/robot_ros/lib/python3.8/site-packages/robot_ros/__pycache__/navbehaviourtree.cpython-38.pyc
/home/rosario/robot-ros/install/robot_ros/share/robot_ros/package.xml
/home/rosario/robot-ros/install/robot_ros/share/robot_ros/launch/test_mobile_robot_1.launch.py
/home/rosario/robot-ros/install/robot_ros/share/robot_ros/launch/camera.launch.py
/home/rosario/robot-ros/install/robot_ros/share/robot_ros/launch/test_mobile_robot_0.launch.py
/home/rosario/robot-ros/install/robot_ros/share/robot_ros/launch/launch_sim.launch.py
/home/rosario/robot-ros/install/robot_ros/share/robot_ros/launch/lidar.launch.py
/home/rosario/robot-ros/install/robot_ros/share/robot_ros/launch/my_script_launch.py
/home/rosario/robot-ros/install/robot_ros/share/robot_ros/launch/surveillance_bot.launch.py
/home/rosario/robot-ros/install/robot_ros/share/robot_ros/launch/launch_robot.launch.py
/home/rosario/robot-ros/install/robot_ros/share/robot_ros/launch/rsp.launch.py
/home/rosario/robot-ros/install/robot_ros/share/robot_ros/description/gazebo_control.xacro
/home/rosario/robot-ros/install/robot_ros/share/robot_ros/description/lidar.xacro
/home/rosario/robot-ros/install/robot_ros/share/robot_ros/description/robot.urdf.xacro
/home/rosario/robot-ros/install/robot_ros/share/robot_ros/description/camera.xacro
/home/rosario/robot-ros/install/robot_ros/share/robot_ros/description/ros2_control.xacro
/home/rosario/robot-ros/install/robot_ros/share/robot_ros/description/robot_core.xacro
/home/rosario/robot-ros/install/robot_ros/share/robot_ros/description/inertial_macros.xacro
/home/rosario/robot-ros/install/robot_ros/share/robot_ros/description/config/my_controllers.yaml
/home/rosario/robot-ros/install/robot_ros/share/robot_ros/worlds/walls.world
/home/rosario/robot-ros/install/robot_ros/share/robot_ros/worlds/test_wold_1.world
/home/rosario/robot-ros/install/robot_ros/share/robot_ros/rviz/rviz_config.rviz
/home/rosario/robot-ros/install/robot_ros/share/robot_ros/maps/costmap_common_params.yaml
/home/rosario/robot-ros/install/robot_ros/share/robot_ros/maps/base_local_planner_params.yaml
/home/rosario/robot-ros/install/robot_ros/share/robot_ros/maps/local_costmap_params.yaml
/home/rosario/robot-ros/install/robot_ros/share/robot_ros/maps/global_costmap_params.yaml
/home/rosario/robot-ros/install/robot_ros/share/robot_ros/bt/navigation_tree.xml
/home/rosario/robot-ros/install/robot_ros/share/robot_ros/config/mapper.yaml
/home/rosario/robot-ros/install/robot_ros/share/robot_ros/config/eks.yaml
/home/rosario/robot-ros/install/robot_ros/share/robot_ros/config/nav2_params.yaml
/home/rosario/robot-ros/install/robot_ros/lib/python3.8/site-packages/robot_ros-0.0.0-py3.8.egg-info/requires.txt
/home/rosario/robot-ros/install/robot_ros/lib/python3.8/site-packages/robot_ros-0.0.0-py3.8.egg-info/entry_points.txt
/home/rosario/robot-ros/install/robot_ros/lib/python3.8/site-packages/robot_ros-0.0.0-py3.8.egg-info/top_level.txt
/home/rosario/robot-ros/install/robot_ros/lib/python3.8/site-packages/robot_ros-0.0.0-py3.8.egg-info/zip-safe
/home/rosario/robot-ros/install/robot_ros/lib/python3.8/site-packages/robot_ros-0.0.0-py3.8.egg-info/SOURCES.txt
/home/rosario/robot-ros/install/robot_ros/lib/python3.8/site-packages/robot_ros-0.0.0-py3.8.egg-info/PKG-INFO
/home/rosario/robot-ros/install/robot_ros/lib/python3.8/site-packages/robot_ros-0.0.0-py3.8.egg-info/dependency_links.txt
/home/rosario/robot-ros/install/robot_ros/lib/robot_ros/nav_behaviour_tree
