[2.582s] Invoking command in '/home/ubuntu/robot-ros': PYTHONPATH=/home/ubuntu/robot-ros/build/robot_ros/prefix_override:/home/ubuntu/robot-ros/install/robot_ros/lib/python3.8/site-packages:${PYTHONPATH} /usr/bin/python3 setup.py egg_info --egg-base build/robot_ros build --build-base /home/ubuntu/robot-ros/build/robot_ros/build install --record /home/ubuntu/robot-ros/build/robot_ros/install.log --install-scripts $base/lib/robot_ros --single-version-externally-managed
[3.446s] running egg_info
[3.448s] writing build/robot_ros/robot_ros.egg-info/PKG-INFO
[3.449s] writing dependency_links to build/robot_ros/robot_ros.egg-info/dependency_links.txt
[3.450s] writing entry points to build/robot_ros/robot_ros.egg-info/entry_points.txt
[3.450s] writing requirements to build/robot_ros/robot_ros.egg-info/requires.txt
[3.451s] writing top-level names to build/robot_ros/robot_ros.egg-info/top_level.txt
[3.601s] reading manifest file 'build/robot_ros/robot_ros.egg-info/SOURCES.txt'
[3.607s] writing manifest file 'build/robot_ros/robot_ros.egg-info/SOURCES.txt'
[3.607s] running build
[3.608s] running build_py
[3.609s] running install
[3.612s] running install_lib
[3.617s] running install_data
[3.620s] copying launch/launch_robot.launch.py -> /home/ubuntu/robot-ros/install/robot_ros/share/robot_ros/launch
[3.624s] running install_egg_info
[3.630s] removing '/home/ubuntu/robot-ros/install/robot_ros/lib/python3.8/site-packages/robot_ros-0.0.0-py3.8.egg-info' (and everything under it)
[3.632s] Copying build/robot_ros/robot_ros.egg-info to /home/ubuntu/robot-ros/install/robot_ros/lib/python3.8/site-packages/robot_ros-0.0.0-py3.8.egg-info
[3.636s] running install_scripts
[3.702s] Installing nav_behaviour_tree script to /home/ubuntu/robot-ros/install/robot_ros/lib/robot_ros
[3.704s] writing list of installed files to '/home/ubuntu/robot-ros/build/robot_ros/install.log'
[3.802s] Invoked command in '/home/ubuntu/robot-ros' returned '0': PYTHONPATH=/home/ubuntu/robot-ros/build/robot_ros/prefix_override:/home/ubuntu/robot-ros/install/robot_ros/lib/python3.8/site-packages:${PYTHONPATH} /usr/bin/python3 setup.py egg_info --egg-base build/robot_ros build --build-base /home/ubuntu/robot-ros/build/robot_ros/build install --record /home/ubuntu/robot-ros/build/robot_ros/install.log --install-scripts $base/lib/robot_ros --single-version-externally-managed
